[DEBUG] ssl/ssl_lib.c:SSL_CTX_new:3316:: SSL new Gen mb_info 
[DEBUG] ssl/ssl_lib.c:SSL_CTX_new:3321:: SSL new Gen mb_info 
[DEBUG] ssl/ssl_lib.c:SSL_new:861: Add for mdTLS 
[DEBUG] ssl/ssl_lib.c:SSL_new:862: ctx->mb_enabled :: 1 
[DEBUG] ssl/ssl_lib.c:SSL_new:864: Add for mdTLS 
[DEBUG] ssl/ssl_lib.c:SSL_new:865: s->mb_enabled :: 1 
[DEBUG] ssl/ssl_lib.c:SSL_new:871: Add for mdTLS 
[DEBUG] ssl/ssl_lib.c:SSL_new:878: Add for mdTLS 
[DEBUG] ssl/ssl_lib.c:SSL_new:906: Enabling Middlebox!! 
[DEBUG] ssl/ssl_lib.c:SSL_new:909: Enabling Middlebox!! 
[DEBUG] ssl/ssl_lib.c:SSL_new:911: s->mb_enabled 1
[DEBUG] ssl/ssl_lib.c:SSL_new:913: Enabling Middlebox!! 
[DEBUG] ssl/ssl_lib.c:SSL_enable_mb:5934: SSL_enable_mb 
[DEBUG] ssl/ssl_lib.c:make_keypair:5925:: Finished make keypair 
[DEBUG] server.c:main:266: ssl pointer :: 0x5590bd5ac3e0
[DEBUG] ssl/statem/statem_lib.c:tls_get_message_body:1704:
[DEBUG] ssl/statem/extensions_srvr.c:tls_parse_ctos_test_for_mdtls:188::  
[DEBUG] ssl/statem/extensions_srvr.c:tls_parse_ctos_test_for_mdtls:319:: Server Received CH Ext Data : 
00 00 00 00 00 00 00 00 00 00 00 00 00 00 00 00 
00 8D 00 17 02 01 00 41 04 AA 7D AE 46 76 5B 31 
47 05 F1 74 0B FB 40 E2 6C DF E9 9B 1D C9 A4 D1 
B4 CF 31 AB 55 25 83 45 B0 A9 63 2D 7E 31 EF AC 
A3 68 51 5C 5C 26 88 2C A0 18 4A B4 F8 96 1A 58 
6D B0 45 5C 36 57 53 DF 4E 02 00 41 04 C5 48 A9 
26 41 E6 DB DA 0A 07 85 AE 97 31 2D 7A E2 CB 13 
1A C4 5E F4 57 F6 33 D3 07 4F 53 87 A6 5F 53 6D 
41 A0 BE 5A D0 7E 2C 96 FD 20 CE 19 F4 6F 10 C6 
08 0B 29 DF 8B 8D CA 4A 6A DB 1C 2F 71 
[DEBUG] ssl/statem/extensions_srvr.c:tls_parse_ctos_test_for_mdtls:331:: Server Received nk is 2 : 
[DEBUG] ssl/statem/extensions_srvr.c:tls_parse_ctos_test_for_mdtls:351:: Server saved Client pub key : 
04 AA 7D AE 46 76 5B 31 47 05 F1 74 0B FB 40 E2 
6C DF E9 9B 1D C9 A4 D1 B4 CF 31 AB 55 25 83 45 
B0 A9 63 2D 7E 31 EF AC A3 68 51 5C 5C 26 88 2C 
A0 18 4A B4 F8 96 1A 58 6D B0 45 5C 36 57 53 DF 
4E 
[DEBUG] ssl/statem/extensions_srvr.c:tls_parse_ctos_test_for_mdtls:360:: Server saved MB pub key : 
04 C5 48 A9 26 41 E6 DB DA 0A 07 85 AE 97 31 2D 
7A E2 CB 13 1A C4 5E F4 57 F6 33 D3 07 4F 53 87 
A6 5F 53 6D 41 A0 BE 5A D0 7E 2C 96 FD 20 CE 19 
F4 6F 10 C6 08 0B 29 DF 8B 8D CA 4A 6A DB 1C 2F 
71 
â˜…â˜…â˜… in t1_lib.c, #2598
â˜…â˜…â˜… in t1_lib.c, #2598
â˜…â˜…â˜… in t1_lib.c, #2598
â˜…â˜…â˜… in t1_lib.c, #2598
â˜…â˜…â˜… in t1_lib.c, #2677
â˜…â˜…â˜… in t1_lib.c, #2874 
[DEBUG] ssl/statem/extensions.c:tls_construct_extensions:833:
[DEBUG] ssl/statem/extensions_cust.c:custom_ext_add:177:
[DEBUG] ssl/statem/extensions_srvr.c:tls_construct_stoc_test_for_mdtls:1613::  
[DEBUG] ssl/statem/extensions_srvr.c:tls_construct_stoc_test_for_mdtls:1721:: temp_data : 
00 49 00 17 01 01 00 41 04 95 30 1B E5 B9 1F FE 
B6 3A E9 DC 3E C8 AB 60 8E 32 13 99 2E E1 6A 27 
27 C8 E9 44 07 B4 B4 3D 49 B0 89 D7 95 70 B5 A2 
6D BC 8C 9D 3D 97 8B 1B BA 88 F3 A2 15 73 F1 3C 
0B 77 56 6F FB F8 70 69 7E 
[DEBUG] ssl/statem/extensions_srvr.c:tls_construct_stoc_test_for_mdtls:1736:: SH Final data: 
00 00 00 00 00 00 00 00 00 00 00 00 00 00 00 00 
00 49 00 17 01 01 00 41 04 95 30 1B E5 B9 1F FE 
B6 3A E9 DC 3E C8 AB 60 8E 32 13 99 2E E1 6A 27 
27 C8 E9 44 07 B4 B4 3D 49 B0 89 D7 95 70 B5 A2 
6D BC 8C 9D 3D 97 8B 1B BA 88 F3 A2 15 73 F1 3C 
0B 77 56 6F FB F8 70 69 7E 
[DEBUG] ssl/statem/statem_srvr.c:tls_construct_server_certificate:4236:: SERVER'S CERTIFICATE s->init_buf->data : 
0B 00 00 98 03 03 5B 16 DF 0F 84 39 A4 81 7B A5 
F9 07 96 07 64 FB FA F6 14 6A 50 FB AB 65 12 25 
3D BF DD E8 18 0F 00 00 6B 00 00 70 FF 01 00 01 
00 00 23 00 00 00 16 00 00 00 17 00 00 07 E8 00 
5B 00 59 00 00 00 00 00 00 00 00 00 00 00 00 00 
00 00 00 00 49 00 17 01 01 00 41 04 95 30 1B E5 
B9 1F FE B6 3A E9 DC 3E C8 AB 60 8E 32 13 99 2E 
E1 6A 27 27 C8 E9 44 07 B4 B4 3D 49 B0 89 D7 95 
70 B5 A2 6D BC 8C 9D 3D 97 8B 1B BA 88 F3 A2 15 
73 F1 3C 0B 77 56 6F FB F8 70 69 7E 17 02 01 00 
41 04 AA 7D AE 46 76 5B 31 47 05 F1 74 0B FB 40 
E2 6C DF E9 9B 1D C9 A4 D1 B4 CF 31 AB 55 25 83 
45 B0 A9 63 2D 7E 31 EF AC A3 68 51 5C 5C 26 88 
2C A0 18 4A B4 F8 96 1A 58 6D B0 45 5C 36 57 53 
DF 4E 02 00 41 04 C5 48 A9 26 41 E6 DB DA 0A 07 
85 AE 97 31 2D 7A E2 CB 13 1A C4 5E F4 57 F6 33 
D3 07 4F 53 87 A6 5F 53 6D 41 A0 BE 5A D0 7E 2C 
96 FD 20 CE 19 F4 6F 10 C6 08 0B 29 DF 8B 8D CA 
4A 6A DB 1C 2F 71 
[DEBUG] ssl/statem/statem_srvr.c:tls_construct_server_certificate:4261:: â˜…â˜…â˜…â˜…â˜…â˜…â˜…â˜… 
[DEBUG] ssl/statem/statem_srvr.c:tls_construct_server_certificate:4265:: Not Middlebox 
[DEBUG] ssl/statem/statem_srvr.c:generate_accountability_keys:2746:: Generate Accountability Keys 
[DEBUG] ssl/statem/statem_srvr.c:generate_accountability_keys:2757:: s->mb_info is NOT NULL 
[DEBUG] ssl/statem/statem_srvr.c:generate_accountability_keys:2768:: Generate Accountability Keys 
[DEBUG] ssl/statem/statem_srvr.c:generate_accountability_keys:2773:: Server Random SERVER:: 1 
04 95 30 1B E5 B9 1F FE B6 3A E9 DC 3E C8 AB 60 8E 32 13 99 2E E1 6A 27 27 C8 E9 44 07 B4 B4 3D 49 B0 89 D7 95 70 B5 A2 6D BC 8C 9D 3D 97 8B 1B BA 88 F3 A2 15 73 F1 3C 0B 77 56 6F FB F8 70 69 7E 
[DEBUG] ssl/statem/statem_srvr.c:generate_accountability_keys:2779:: Client Random 
04 AA 7D AE 46 76 5B 31 47 05 F1 74 0B FB 40 E2 6C DF E9 9B 1D C9 A4 D1 B4 CF 31 AB 55 25 83 45 B0 A9 63 2D 7E 31 EF AC A3 68 51 5C 5C 26 88 2C A0 18 4A B4 F8 96 1A 58 6D B0 45 5C 36 57 53 DF 4E 
[DEBUG] ssl/statem/statem_srvr.c:generate_accountability_keys:2789:: nk value is 2 
[DEBUG] ssl/statem/statem_srvr.c:generate_accountability_keys:2802:: klen is 65 
[DEBUG] ssl/statem/statem_srvr.c:tls1_P_hash:2593:: Segment Fault 
[ERROR] ssl/statem/statem_srvr.c:tls1_P_hash:2626:: Corrupted Top Size 
[ERROR] ssl/statem/statem_srvr.c:tls1_P_hash:2630:: Corrupted Top Size 
[DEBUG] ssl/statem/statem_srvr.c:tls1_P_hash:2653:: Segment Fault 
[DEBUG] ssl/statem/statem_srvr.c:generate_accountability_keys:2819:: SECRET 
41 34 29 B9 56 40 19 DB 32 2A 5E AD C6 26 26 09 31 D8 1B 37 E7 63 01 CD ED BE 96 6A F9 53 31 88 
[DEBUG] ssl/statem/statem_srvr.c:generate_accountability_keys:2825:: Accountability Key 
6A C8 88 4A 2F 10 8B 93 30 74 A9 16 B5 0B DF 85 59 CC 08 20 84 36 C2 60 1C 6C E5 F8 7D CC FC 41 
[DEBUG] ssl/statem/statem_srvr.c:generate_accountability_keys:2802:: klen is 65 
[DEBUG] ssl/statem/statem_srvr.c:tls1_P_hash:2593:: Segment Fault 
[ERROR] ssl/statem/statem_srvr.c:tls1_P_hash:2626:: Corrupted Top Size 
[ERROR] ssl/statem/statem_srvr.c:tls1_P_hash:2630:: Corrupted Top Size 
[DEBUG] ssl/statem/statem_srvr.c:tls1_P_hash:2653:: Segment Fault 
[DEBUG] ssl/statem/statem_srvr.c:generate_accountability_keys:2819:: SECRET 
09 C0 45 07 06 EC C4 AF 8E 9D 70 2C 5D C3 31 9C 8D 6A 4F FC CF 5B AB 5E 87 55 AA 6A 72 39 CB 33 
[DEBUG] ssl/statem/statem_srvr.c:generate_accountability_keys:2825:: Accountability Key 
72 C8 8B 30 35 0E 68 D8 2E 90 83 73 52 F5 1F 2E 4D 28 1A F8 14 24 93 BE 3B 96 6F CA 4E CC C2 C1 
[DEBUG] ssl/statem/statem_srvr.c:generate_accountability_keys:2858:: s->mb_info->id_length[i] :: 32 
ED B8 E7 8C 88 A5 59 48 9F 95 5C 7F 0E 10 98 13 13 6A F6 B9 14 DA 26 3D 73 BC 2A 53 D5 3E C6 3E 
[DEBUG] ssl/statem/statem_srvr.c:generate_accountability_keys:2858:: s->mb_info->id_length[i] :: 32 
6F 48 9F CC FF 70 83 38 F3 CD C7 86 A0 B1 18 48 81 27 84 C8 A9 28 1F 38 AD 4B 5B 52 37 6E C8 1E 
[DEBUG] ssl/statem/statem_lib.c:tls_get_message_body:1704:
[DEBUG] ssl/statem/statem_lib.c:tls_get_message_body:1704:
[DEBUG] ssl/t1_enc.c:tls1_final_finish_mac:462:: Related to s->method->ssl3_enc->final_finish_mac(): 12! : 
[DEBUG] ssl/statem/statem_lib.c:tls_process_finished:1170:: md_len is 12 :: 
[DEBUG] ssl/t1_enc.c:tls1_final_finish_mac:462:: Related to s->method->ssl3_enc->final_finish_mac(): 12! : 
[DEBUG] ssl/statem/statem_lib.c:tls_construct_finished:700:: Before WPACKET_memcpy, s->init_buf  : 
14 00 00 A6 00 00 1C 20 00 A0 CA A2 C9 07 2D 98 
F7 0C B7 54 70 F2 F1 E4 C2 A2 D6 5C 74 1B EF DF 
F3 B5 1B 16 F0 10 AA D9 61 2D EB 63 34 A4 0E 08 
A5 51 07 BE 1B 2A 92 07 44 68 AD 5E 9C 2A 96 41 
49 1C EF A6 B5 8B 17 CF C5 F5 A3 89 8E 61 1A 0C 
DF BA 72 73 2A 9E B0 AE 5B 3E E9 95 8A 1C 43 62 
6B 1B B1 48 98 DE BA BC B8 55 B7 2B F6 E5 96 89 
33 95 16 E1 AD 42 CF D1 D9 2C E0 B6 D9 9F 6A 91 
D6 B2 61 75 9A 11 EE B8 96 4C 4D AD 7C 40 A8 0E 
0D E3 1A FF 1F 8F 3C B5 D5 02 91 78 3F 4B FB 90 
4E 9A 04 02 9E E8 1D 07 BF D9 00 00 00 00 00 00 
00 00 00 00 00 00 00 00 00 00 00 00 00 00 00 00 
00 00 00 00 00 00 00 00 00 00 00 00 00 00 00 00 
00 00 00 00 00 00 00 00 00 00 00 00 00 00 00 00 
00 00 00 00 00 00 00 00 00 00 00 00 00 00 00 00 
00 00 00 00 00 00 00 00 00 00 00 00 00 00 00 00 

[DEBUG] ssl/statem/statem_lib.c:tls_construct_finished:709:: s->s3->tmp.finish_md length:: 12!! : 
[DEBUG] ssl/statem/statem_lib.c:tls_construct_finished:710:: s->s3->tmp.finish_md value!! : 
[DEBUG] ssl/statem/statem_lib.c:tls_construct_finished:725:: pkt->written is 16 : 
[DEBUG] ssl/statem/statem_lib.c:tls_construct_finished:726:: pkt->curr is 16 : 
[DEBUG] ssl/statem/statem_lib.c:tls_construct_finished:727:: pkt->maxsize is -1 : 
[DEBUG] ssl/statem/statem_lib.c:tls_construct_finished:791:: Before ServerFinished send Ext MSG
[DEBUG] ssl/statem/statem_lib.c:tls_construct_finished:795:: ServerFinished send Ext MSG
[DEBUG] ssl/statem/statem_lib.c:matls_set_parameters:543:: TLS version: 303 
[DEBUG] ssl/statem/statem_lib.c:matls_set_parameters:557:: Cipher Suite Info: 300006B 
[DEBUG] ssl/statem/statem_lib.c:matls_set_parameters:571:: Made Hash of ms
[DEBUG] ssl/statem/statem_lib.c:matls_set_parameters:577:: Put Transcript
[DEBUG] ssl/statem/statem_lib.c:tls_construct_finished:830:: s->mb_info->accountability_keys[0] is jÈˆJ/‹“0t©µß…YÌ „6Â`låø}ÌüA 
[DEBUG] ssl/statem/statem_lib.c:tls_construct_finished:833:: PROGRESS: make HASH block 
[DEBUG] ssl/statem/statem_lib.c:tls_construct_finished:835:: digest is null?, 0 
[DEBUG] ssl/statem/statem_lib.c:tls_construct_finished:836:: digest_len is 0?, 0 
[DEBUG] ssl/statem/statem_lib.c:tls_construct_finished:845:: PROGRESS: make the signature block 
[DEBUG] ssl/statem/statem_lib.c:tls_construct_finished:858:: PROGRESS: tlen is 293 
[DEBUG] ssl/statem/statem_lib.c:tls_construct_finished:876:: PROGRESS: s->mb_info->id_length[0] is 32 
[DEBUG] ssl/statem/statem_lib.c:tls_construct_finished:881:: PROGRESS: ext_data_length is 34 
[DEBUG] ssl/statem/statem_lib.c:tls_construct_finished:898:: PROGRESS: ext_data_length (include sigblk_len) is 290 
[DEBUG] ssl/statem/statem_lib.c:tls_construct_finished:900:: PROGRESS: s->extended_finished_msg_len is 0 
[DEBUG] ssl/statem/statem_lib.c:tls_construct_finished:906:: Server Finished Ext Data is 
D0 90 2E 01 25 ED B8 E7 8C 88 A5 59 48 9F 95 5C 
7F 0E 10 98 13 13 6A F6 B9 14 DA 26 3D 73 BC 2A 
53 D5 3E C6 3E 26 0D 0E B9 0F 56 CD A4 9C 7C BC 
27 18 C5 E9 39 AD 0E 66 69 6C F6 D0 13 B6 EF 9B 
40 3D 03 B3 B7 F8 43 C6 C9 60 99 03 7F 43 48 13 
CE 34 30 11 FF BE 92 44 92 13 E5 09 BD 9C A6 DD 
8E 64 06 46 19 8B 6E C9 BE 4F 8D EC 8D 83 69 51 
46 4E B3 D6 90 E6 58 C1 1A 07 4F 93 4D F1 3F 73 
45 6D 4B 1A 86 11 C5 CF FE 33 41 CC 32 E7 4E CC 
DD 83 1F 70 B0 02 98 CB A0 5B E2 50 41 A6 A8 70 
E9 9C 88 D2 48 A4 84 51 28 C5 E5 DF D8 0F 51 7F 
EE 87 41 D8 79 64 56 3E 72 06 B4 D9 1D 5F F4 A9 
65 94 8E CD 11 5C 8F 43 AD 8D 82 B5 FD 58 1F BA 
39 EE 52 0A 07 B3 1F 82 DC 91 AF 1F 59 E3 27 E4 
A8 4C 9A 1F 62 85 77 BA 57 B5 A6 10 62 37 64 70 
52 97 65 EA 6B DC EF 5C 37 85 3D 17 51 E3 E6 2D 
D2 BA 0F 38 98 0A F9 2D 49 65 FD DA 06 A8 DD E8 
9D C0 63 1D 5C 30 51 73 B5 3E 19 3E 55 99 32 CF 
3A C7 0C 5A C3 
[DEBUG] ssl/statem/statem_lib.c:tls_construct_finished:918:: PROGRESS: ext_data_length (include extended_finished_msg_len) is 293 
[DEBUG] ssl/statem/statem_lib.c:tls_construct_finished:920:: Server Finished Final Ext Data is 
00 01 25 01 25 ED B8 E7 8C 88 A5 59 48 9F 95 5C 
7F 0E 10 98 13 13 6A F6 B9 14 DA 26 3D 73 BC 2A 
53 D5 3E C6 3E 26 0D 0E B9 0F 56 CD A4 9C 7C BC 
27 18 C5 E9 39 AD 0E 66 69 6C F6 D0 13 B6 EF 9B 
40 3D 03 B3 B7 F8 43 C6 C9 60 99 03 7F 43 48 13 
CE 34 30 11 FF BE 92 44 92 13 E5 09 BD 9C A6 DD 
8E 64 06 46 19 8B 6E C9 BE 4F 8D EC 8D 83 69 51 
46 4E B3 D6 90 E6 58 C1 1A 07 4F 93 4D F1 3F 73 
45 6D 4B 1A 86 11 C5 CF FE 33 41 CC 32 E7 4E CC 
DD 83 1F 70 B0 02 98 CB A0 5B E2 50 41 A6 A8 70 
E9 9C 88 D2 48 A4 84 51 28 C5 E5 DF D8 0F 51 7F 
EE 87 41 D8 79 64 56 3E 72 06 B4 D9 1D 5F F4 A9 
65 94 8E CD 11 5C 8F 43 AD 8D 82 B5 FD 58 1F BA 
39 EE 52 0A 07 B3 1F 82 DC 91 AF 1F 59 E3 27 E4 
A8 4C 9A 1F 62 85 77 BA 57 B5 A6 10 62 37 64 70 
52 97 65 EA 6B DC EF 5C 37 85 3D 17 51 E3 E6 2D 
D2 BA 0F 38 98 0A F9 2D 49 65 FD DA 06 A8 DD E8 
9D C0 63 1D 5C 30 51 73 B5 3E 19 3E 55 99 32 CF 
3A C7 0C 5A C3 
[DEBUG] ssl/statem/statem_lib.c:tls_construct_finished:937:: pkt->written is 309 : 
[DEBUG] ssl/statem/statem_lib.c:tls_construct_finished:938:: pkt->curr is 309 : 
[DEBUG] ssl/statem/statem_lib.c:tls_construct_finished:939:: pkt->maxsize is -1 : 
[DEBUG] server.c:main:271:
[mdtls] server.c:main:274: Msg from Middlebox: GET / HTTP/1.2
Host: www.mdtls_thyun.com


[DEBUG] ssl/ssl_lib.c:SSL_new:861: Add for mdTLS 
[DEBUG] ssl/ssl_lib.c:SSL_new:862: ctx->mb_enabled :: 1 
[DEBUG] ssl/ssl_lib.c:SSL_new:864: Add for mdTLS 
[DEBUG] ssl/ssl_lib.c:SSL_new:865: s->mb_enabled :: 1 
[DEBUG] ssl/ssl_lib.c:SSL_new:871: Add for mdTLS 
[DEBUG] ssl/ssl_lib.c:SSL_new:878: Add for mdTLS 
[DEBUG] ssl/ssl_lib.c:SSL_new:906: Enabling Middlebox!! 
[DEBUG] ssl/ssl_lib.c:SSL_new:909: Enabling Middlebox!! 
[DEBUG] ssl/ssl_lib.c:SSL_new:911: s->mb_enabled 1
[DEBUG] ssl/ssl_lib.c:SSL_new:913: Enabling Middlebox!! 
[DEBUG] ssl/ssl_lib.c:SSL_enable_mb:5934: SSL_enable_mb 
[DEBUG] ssl/ssl_lib.c:make_keypair:5925:: Finished make keypair 
[DEBUG] server.c:main:266: ssl pointer :: 0x5590bd5ac3e0
[DEBUG] ssl/statem/statem_lib.c:tls_get_message_body:1704:
[DEBUG] ssl/statem/extensions_srvr.c:tls_parse_ctos_test_for_mdtls:188::  
[DEBUG] ssl/statem/extensions_srvr.c:tls_parse_ctos_test_for_mdtls:319:: Server Received CH Ext Data : 
00 00 00 00 00 00 00 00 00 00 00 00 00 00 00 00 
00 8D 00 17 02 01 00 41 04 AA 7D AE 46 76 5B 31 
47 05 F1 74 0B FB 40 E2 6C DF E9 9B 1D C9 A4 D1 
B4 CF 31 AB 55 25 83 45 B0 A9 63 2D 7E 31 EF AC 
A3 68 51 5C 5C 26 88 2C A0 18 4A B4 F8 96 1A 58 
6D B0 45 5C 36 57 53 DF 4E 02 00 41 04 C5 48 A9 
26 41 E6 DB DA 0A 07 85 AE 97 31 2D 7A E2 CB 13 
1A C4 5E F4 57 F6 33 D3 07 4F 53 87 A6 5F 53 6D 
41 A0 BE 5A D0 7E 2C 96 FD 20 CE 19 F4 6F 10 C6 
08 0B 29 DF 8B 8D CA 4A 6A DB 1C 2F 71 
[DEBUG] ssl/statem/extensions_srvr.c:tls_parse_ctos_test_for_mdtls:331:: Server Received nk is 2 : 
[DEBUG] ssl/statem/extensions_srvr.c:tls_parse_ctos_test_for_mdtls:351:: Server saved Client pub key : 
04 AA 7D AE 46 76 5B 31 47 05 F1 74 0B FB 40 E2 
6C DF E9 9B 1D C9 A4 D1 B4 CF 31 AB 55 25 83 45 
B0 A9 63 2D 7E 31 EF AC A3 68 51 5C 5C 26 88 2C 
A0 18 4A B4 F8 96 1A 58 6D B0 45 5C 36 57 53 DF 
4E 
[DEBUG] ssl/statem/extensions_srvr.c:tls_parse_ctos_test_for_mdtls:360:: Server saved MB pub key : 
04 C5 48 A9 26 41 E6 DB DA 0A 07 85 AE 97 31 2D 
7A E2 CB 13 1A C4 5E F4 57 F6 33 D3 07 4F 53 87 
A6 5F 53 6D 41 A0 BE 5A D0 7E 2C 96 FD 20 CE 19 
F4 6F 10 C6 08 0B 29 DF 8B 8D CA 4A 6A DB 1C 2F 
71 
â˜…â˜…â˜… in t1_lib.c, #2598
â˜…â˜…â˜… in t1_lib.c, #2598
â˜…â˜…â˜… in t1_lib.c, #2598
â˜…â˜…â˜… in t1_lib.c, #2598
â˜…â˜…â˜… in t1_lib.c, #2677
â˜…â˜…â˜… in t1_lib.c, #2874 
[DEBUG] ssl/statem/extensions.c:tls_construct_extensions:833:
[DEBUG] ssl/statem/extensions_cust.c:custom_ext_add:177:
[DEBUG] ssl/statem/extensions_srvr.c:tls_construct_stoc_test_for_mdtls:1613::  
[DEBUG] ssl/statem/extensions_srvr.c:tls_construct_stoc_test_for_mdtls:1721:: temp_data : 
00 49 00 17 01 01 00 41 04 67 09 E4 89 11 04 E2 
57 C2 55 25 65 EE A1 4E 1C 4C EF 62 B4 30 90 0B 
BD AA 5E 27 F5 8A C1 05 BD 69 85 6F 59 DE E7 60 
12 B8 47 61 1C 17 80 FA B5 3C 81 42 2B 8B 6E 1B 
3D C2 33 D6 1D 7A A2 6F 3D 
[DEBUG] ssl/statem/extensions_srvr.c:tls_construct_stoc_test_for_mdtls:1736:: SH Final data: 
00 00 00 00 00 00 00 00 00 00 00 00 00 00 00 00 
00 49 00 17 01 01 00 41 04 67 09 E4 89 11 04 E2 
57 C2 55 25 65 EE A1 4E 1C 4C EF 62 B4 30 90 0B 
BD AA 5E 27 F5 8A C1 05 BD 69 85 6F 59 DE E7 60 
12 B8 47 61 1C 17 80 FA B5 3C 81 42 2B 8B 6E 1B 
3D C2 33 D6 1D 7A A2 6F 3D 
[DEBUG] ssl/statem/statem_srvr.c:tls_construct_server_certificate:4236:: SERVER'S CERTIFICATE s->init_buf->data : 
0B 00 00 98 03 03 F9 D2 DE 3C 4A A3 09 FC 50 97 
AD A2 DE D2 09 44 93 E5 65 CE 55 92 6A 7C BE BD 
ED 3C 03 FE 48 8E 00 00 6B 00 00 70 FF 01 00 01 
00 00 23 00 00 00 16 00 00 00 17 00 00 07 E8 00 
5B 00 59 00 00 00 00 00 00 00 00 00 00 00 00 00 
00 00 00 00 49 00 17 01 01 00 41 04 67 09 E4 89 
11 04 E2 57 C2 55 25 65 EE A1 4E 1C 4C EF 62 B4 
30 90 0B BD AA 5E 27 F5 8A C1 05 BD 69 85 6F 59 
DE E7 60 12 B8 47 61 1C 17 80 FA B5 3C 81 42 2B 
8B 6E 1B 3D C2 33 D6 1D 7A A2 6F 3D 17 02 01 00 
41 04 AA 7D AE 46 76 5B 31 47 05 F1 74 0B FB 40 
E2 6C DF E9 9B 1D C9 A4 D1 B4 CF 31 AB 55 25 83 
45 B0 A9 63 2D 7E 31 EF AC A3 68 51 5C 5C 26 88 
2C A0 18 4A B4 F8 96 1A 58 6D B0 45 5C 36 57 53 
DF 4E 02 00 41 04 C5 48 A9 26 41 E6 DB DA 0A 07 
85 AE 97 31 2D 7A E2 CB 13 1A C4 5E F4 57 F6 33 
D3 07 4F 53 87 A6 5F 53 6D 41 A0 BE 5A D0 7E 2C 
96 FD 20 CE 19 F4 6F 10 C6 08 0B 29 DF 8B 8D CA 
4A 6A DB 1C 2F 71 
[DEBUG] ssl/statem/statem_srvr.c:tls_construct_server_certificate:4261:: â˜…â˜…â˜…â˜…â˜…â˜…â˜…â˜… 
[DEBUG] ssl/statem/statem_srvr.c:tls_construct_server_certificate:4265:: Not Middlebox 
[DEBUG] ssl/statem/statem_srvr.c:generate_accountability_keys:2746:: Generate Accountability Keys 
[DEBUG] ssl/statem/statem_srvr.c:generate_accountability_keys:2757:: s->mb_info is NOT NULL 
[DEBUG] ssl/statem/statem_srvr.c:generate_accountability_keys:2768:: Generate Accountability Keys 
[DEBUG] ssl/statem/statem_srvr.c:generate_accountability_keys:2773:: Server Random SERVER:: 1 
04 67 09 E4 89 11 04 E2 57 C2 55 25 65 EE A1 4E 1C 4C EF 62 B4 30 90 0B BD AA 5E 27 F5 8A C1 05 BD 69 85 6F 59 DE E7 60 12 B8 47 61 1C 17 80 FA B5 3C 81 42 2B 8B 6E 1B 3D C2 33 D6 1D 7A A2 6F 3D 
[DEBUG] ssl/statem/statem_srvr.c:generate_accountability_keys:2779:: Client Random 
04 AA 7D AE 46 76 5B 31 47 05 F1 74 0B FB 40 E2 6C DF E9 9B 1D C9 A4 D1 B4 CF 31 AB 55 25 83 45 B0 A9 63 2D 7E 31 EF AC A3 68 51 5C 5C 26 88 2C A0 18 4A B4 F8 96 1A 58 6D B0 45 5C 36 57 53 DF 4E 
[DEBUG] ssl/statem/statem_srvr.c:generate_accountability_keys:2789:: nk value is 2 
[DEBUG] ssl/statem/statem_srvr.c:generate_accountability_keys:2802:: klen is 65 
[DEBUG] ssl/statem/statem_srvr.c:tls1_P_hash:2593:: Segment Fault 
[ERROR] ssl/statem/statem_srvr.c:tls1_P_hash:2626:: Corrupted Top Size 
[ERROR] ssl/statem/statem_srvr.c:tls1_P_hash:2630:: Corrupted Top Size 
[DEBUG] ssl/statem/statem_srvr.c:tls1_P_hash:2653:: Segment Fault 
[DEBUG] ssl/statem/statem_srvr.c:generate_accountability_keys:2819:: SECRET 
72 2B 64 24 58 22 4A 4C 96 5D 1F 4A E9 33 74 F7 90 09 89 50 6B DB 4A 02 A5 01 AD 5B 03 52 20 06 
[DEBUG] ssl/statem/statem_srvr.c:generate_accountability_keys:2825:: Accountability Key 
91 D9 61 C3 C3 B7 59 F4 81 2D F8 B4 3C AE 9A 17 D5 10 78 CF FF C9 4D 5A 23 3D E9 CD AE 57 74 0E 
[DEBUG] ssl/statem/statem_srvr.c:generate_accountability_keys:2802:: klen is 65 
[DEBUG] ssl/statem/statem_srvr.c:tls1_P_hash:2593:: Segment Fault 
[ERROR] ssl/statem/statem_srvr.c:tls1_P_hash:2626:: Corrupted Top Size 
[ERROR] ssl/statem/statem_srvr.c:tls1_P_hash:2630:: Corrupted Top Size 
[DEBUG] ssl/statem/statem_srvr.c:tls1_P_hash:2653:: Segment Fault 
[DEBUG] ssl/statem/statem_srvr.c:generate_accountability_keys:2819:: SECRET 
2D 8E C3 7D 17 43 52 46 4B 0B 36 EE EA 88 8B 99 1B 89 58 B4 3E 56 75 89 79 40 1D C5 4D E5 22 F8 
[DEBUG] ssl/statem/statem_srvr.c:generate_accountability_keys:2825:: Accountability Key 
2B ED 73 12 51 00 B5 6D 19 05 3C 78 E8 17 A7 52 C5 2D CD B2 F9 1B FA CA A4 B1 D5 83 C8 7A 4F 8D 
[DEBUG] ssl/statem/statem_srvr.c:generate_accountability_keys:2858:: s->mb_info->id_length[i] :: 32 
19 B2 3E 74 18 BA 6D F5 84 A3 00 2C 1C E7 9B 08 FA F0 09 81 71 FF CD A0 35 A3 14 B9 EB 81 D0 50 
[DEBUG] ssl/statem/statem_srvr.c:generate_accountability_keys:2858:: s->mb_info->id_length[i] :: 32 
61 28 79 7D AD E3 3F 90 96 4C 8F B3 39 45 1E 06 A3 FD AA 72 0D 6B 99 4C 51 36 21 77 3E 89 E1 DF 
[DEBUG] server.c:main:271:
[mdtls] server.c:main:274: Msg from Middlebox: GET / HTTP/1.2
Host: www.mdtls_thyun.com


[DEBUG] ssl/ssl_lib.c:SSL_new:861: Add for mdTLS 
[DEBUG] ssl/ssl_lib.c:SSL_new:862: ctx->mb_enabled :: 1 
[DEBUG] ssl/ssl_lib.c:SSL_new:864: Add for mdTLS 
[DEBUG] ssl/ssl_lib.c:SSL_new:865: s->mb_enabled :: 1 
[DEBUG] ssl/ssl_lib.c:SSL_new:871: Add for mdTLS 
[DEBUG] ssl/ssl_lib.c:SSL_new:878: Add for mdTLS 
[DEBUG] ssl/ssl_lib.c:SSL_new:906: Enabling Middlebox!! 
[DEBUG] ssl/ssl_lib.c:SSL_new:909: Enabling Middlebox!! 
[DEBUG] ssl/ssl_lib.c:SSL_new:911: s->mb_enabled 1
[DEBUG] ssl/ssl_lib.c:SSL_new:913: Enabling Middlebox!! 
[DEBUG] ssl/ssl_lib.c:SSL_enable_mb:5934: SSL_enable_mb 
[DEBUG] ssl/ssl_lib.c:make_keypair:5925:: Finished make keypair 
[DEBUG] server.c:main:266: ssl pointer :: 0x5590bd5ac3e0
[DEBUG] ssl/statem/statem_lib.c:tls_get_message_body:1704:
[DEBUG] ssl/statem/extensions_srvr.c:tls_parse_ctos_test_for_mdtls:188::  
[DEBUG] ssl/statem/extensions_srvr.c:tls_parse_ctos_test_for_mdtls:319:: Server Received CH Ext Data : 
00 00 00 00 00 00 00 00 00 00 00 00 00 00 00 00 
00 8D 00 17 02 01 00 41 04 AA 7D AE 46 76 5B 31 
47 05 F1 74 0B FB 40 E2 6C DF E9 9B 1D C9 A4 D1 
B4 CF 31 AB 55 25 83 45 B0 A9 63 2D 7E 31 EF AC 
A3 68 51 5C 5C 26 88 2C A0 18 4A B4 F8 96 1A 58 
6D B0 45 5C 36 57 53 DF 4E 02 00 41 04 C5 48 A9 
26 41 E6 DB DA 0A 07 85 AE 97 31 2D 7A E2 CB 13 
1A C4 5E F4 57 F6 33 D3 07 4F 53 87 A6 5F 53 6D 
41 A0 BE 5A D0 7E 2C 96 FD 20 CE 19 F4 6F 10 C6 
08 0B 29 DF 8B 8D CA 4A 6A DB 1C 2F 71 
[DEBUG] ssl/statem/extensions_srvr.c:tls_parse_ctos_test_for_mdtls:331:: Server Received nk is 2 : 
[DEBUG] ssl/statem/extensions_srvr.c:tls_parse_ctos_test_for_mdtls:351:: Server saved Client pub key : 
04 AA 7D AE 46 76 5B 31 47 05 F1 74 0B FB 40 E2 
6C DF E9 9B 1D C9 A4 D1 B4 CF 31 AB 55 25 83 45 
B0 A9 63 2D 7E 31 EF AC A3 68 51 5C 5C 26 88 2C 
A0 18 4A B4 F8 96 1A 58 6D B0 45 5C 36 57 53 DF 
4E 
[DEBUG] ssl/statem/extensions_srvr.c:tls_parse_ctos_test_for_mdtls:360:: Server saved MB pub key : 
04 C5 48 A9 26 41 E6 DB DA 0A 07 85 AE 97 31 2D 
7A E2 CB 13 1A C4 5E F4 57 F6 33 D3 07 4F 53 87 
A6 5F 53 6D 41 A0 BE 5A D0 7E 2C 96 FD 20 CE 19 
F4 6F 10 C6 08 0B 29 DF 8B 8D CA 4A 6A DB 1C 2F 
71 
â˜…â˜…â˜… in t1_lib.c, #2598
â˜…â˜…â˜… in t1_lib.c, #2598
â˜…â˜…â˜… in t1_lib.c, #2598
â˜…â˜…â˜… in t1_lib.c, #2598
â˜…â˜…â˜… in t1_lib.c, #2677
â˜…â˜…â˜… in t1_lib.c, #2874 
[DEBUG] ssl/statem/extensions.c:tls_construct_extensions:833:
[DEBUG] ssl/statem/extensions_cust.c:custom_ext_add:177:
[DEBUG] ssl/statem/extensions_srvr.c:tls_construct_stoc_test_for_mdtls:1613::  
[DEBUG] ssl/statem/extensions_srvr.c:tls_construct_stoc_test_for_mdtls:1721:: temp_data : 
00 49 00 17 01 01 00 41 04 93 C3 00 2E 43 B8 2C 
9F D2 90 71 2A 33 0B 52 ED EF 51 D5 ED 9A 58 38 
50 78 F4 9D 6A 87 BA 1F 43 01 8C E2 29 A3 9F C8 
90 42 9D 1F 8C C4 B2 17 F8 7F 27 B9 1B 28 9D 35 
3B 00 F4 49 C3 85 8A 70 97 
[DEBUG] ssl/statem/extensions_srvr.c:tls_construct_stoc_test_for_mdtls:1736:: SH Final data: 
00 00 00 00 00 00 00 00 00 00 00 00 00 00 00 00 
00 49 00 17 01 01 00 41 04 93 C3 00 2E 43 B8 2C 
9F D2 90 71 2A 33 0B 52 ED EF 51 D5 ED 9A 58 38 
50 78 F4 9D 6A 87 BA 1F 43 01 8C E2 29 A3 9F C8 
90 42 9D 1F 8C C4 B2 17 F8 7F 27 B9 1B 28 9D 35 
3B 00 F4 49 C3 85 8A 70 97 
[DEBUG] ssl/statem/statem_srvr.c:tls_construct_server_certificate:4236:: SERVER'S CERTIFICATE s->init_buf->data : 
0B 00 00 98 03 03 A7 77 32 84 B0 B9 9F 49 84 61 
A2 AC B2 84 44 66 FB 81 FA EB C3 AD F6 BE A6 BE 
03 D4 E7 B9 19 DA 00 00 6B 00 00 70 FF 01 00 01 
00 00 23 00 00 00 16 00 00 00 17 00 00 07 E8 00 
5B 00 59 00 00 00 00 00 00 00 00 00 00 00 00 00 
00 00 00 00 49 00 17 01 01 00 41 04 93 C3 00 2E 
43 B8 2C 9F D2 90 71 2A 33 0B 52 ED EF 51 D5 ED 
9A 58 38 50 78 F4 9D 6A 87 BA 1F 43 01 8C E2 29 
A3 9F C8 90 42 9D 1F 8C C4 B2 17 F8 7F 27 B9 1B 
28 9D 35 3B 00 F4 49 C3 85 8A 70 97 17 02 01 00 
41 04 AA 7D AE 46 76 5B 31 47 05 F1 74 0B FB 40 
E2 6C DF E9 9B 1D C9 A4 D1 B4 CF 31 AB 55 25 83 
45 B0 A9 63 2D 7E 31 EF AC A3 68 51 5C 5C 26 88 
2C A0 18 4A B4 F8 96 1A 58 6D B0 45 5C 36 57 53 
DF 4E 02 00 41 04 C5 48 A9 26 41 E6 DB DA 0A 07 
85 AE 97 31 2D 7A E2 CB 13 1A C4 5E F4 57 F6 33 
D3 07 4F 53 87 A6 5F 53 6D 41 A0 BE 5A D0 7E 2C 
96 FD 20 CE 19 F4 6F 10 C6 08 0B 29 DF 8B 8D CA 
4A 6A DB 1C 2F 71 
[DEBUG] ssl/statem/statem_srvr.c:tls_construct_server_certificate:4261:: â˜…â˜…â˜…â˜…â˜…â˜…â˜…â˜… 
[DEBUG] ssl/statem/statem_srvr.c:tls_construct_server_certificate:4265:: Not Middlebox 
[DEBUG] ssl/statem/statem_srvr.c:generate_accountability_keys:2746:: Generate Accountability Keys 
[DEBUG] ssl/statem/statem_srvr.c:generate_accountability_keys:2757:: s->mb_info is NOT NULL 
[DEBUG] ssl/statem/statem_srvr.c:generate_accountability_keys:2768:: Generate Accountability Keys 
[DEBUG] ssl/statem/statem_srvr.c:generate_accountability_keys:2773:: Server Random SERVER:: 1 
04 93 C3 00 2E 43 B8 2C 9F D2 90 71 2A 33 0B 52 ED EF 51 D5 ED 9A 58 38 50 78 F4 9D 6A 87 BA 1F 43 01 8C E2 29 A3 9F C8 90 42 9D 1F 8C C4 B2 17 F8 7F 27 B9 1B 28 9D 35 3B 00 F4 49 C3 85 8A 70 97 
[DEBUG] ssl/statem/statem_srvr.c:generate_accountability_keys:2779:: Client Random 
04 AA 7D AE 46 76 5B 31 47 05 F1 74 0B FB 40 E2 6C DF E9 9B 1D C9 A4 D1 B4 CF 31 AB 55 25 83 45 B0 A9 63 2D 7E 31 EF AC A3 68 51 5C 5C 26 88 2C A0 18 4A B4 F8 96 1A 58 6D B0 45 5C 36 57 53 DF 4E 
[DEBUG] ssl/statem/statem_srvr.c:generate_accountability_keys:2789:: nk value is 2 
[DEBUG] ssl/statem/statem_srvr.c:generate_accountability_keys:2802:: klen is 65 
[DEBUG] ssl/statem/statem_srvr.c:tls1_P_hash:2593:: Segment Fault 
[ERROR] ssl/statem/statem_srvr.c:tls1_P_hash:2626:: Corrupted Top Size 
[ERROR] ssl/statem/statem_srvr.c:tls1_P_hash:2630:: Corrupted Top Size 
[DEBUG] ssl/statem/statem_srvr.c:tls1_P_hash:2653:: Segment Fault 
[DEBUG] ssl/statem/statem_srvr.c:generate_accountability_keys:2819:: SECRET 
C3 68 22 8D 90 78 10 A0 D5 18 D9 30 8E 2B 7C 81 F7 07 E4 E4 45 C0 B1 FE 56 AF 6C D3 AD 1E 16 89 
[DEBUG] ssl/statem/statem_srvr.c:generate_accountability_keys:2825:: Accountability Key 
9D F4 45 96 7E C6 75 D3 BB D0 17 A1 E1 95 64 9C AD C3 9D BC 04 B6 4E 0C 07 19 9F D3 52 46 83 91 
[DEBUG] ssl/statem/statem_srvr.c:generate_accountability_keys:2802:: klen is 65 
[DEBUG] ssl/statem/statem_srvr.c:tls1_P_hash:2593:: Segment Fault 
[ERROR] ssl/statem/statem_srvr.c:tls1_P_hash:2626:: Corrupted Top Size 
[ERROR] ssl/statem/statem_srvr.c:tls1_P_hash:2630:: Corrupted Top Size 
[DEBUG] ssl/statem/statem_srvr.c:tls1_P_hash:2653:: Segment Fault 
[DEBUG] ssl/statem/statem_srvr.c:generate_accountability_keys:2819:: SECRET 
58 F8 1C B8 03 D5 7D 79 E3 56 6B 29 4F C2 EC 69 2E F8 34 CA AA CC 8C C9 4E EA 8F 3A F0 C6 35 BE 
[DEBUG] ssl/statem/statem_srvr.c:generate_accountability_keys:2825:: Accountability Key 
17 58 33 ED 43 64 CC F0 71 B9 98 0D 55 B9 5D 25 C8 8C FC D1 C3 FB 66 F3 22 31 0B CB 60 BB 3E 5D 
[DEBUG] ssl/statem/statem_srvr.c:generate_accountability_keys:2858:: s->mb_info->id_length[i] :: 32 
48 41 05 F5 14 AF 26 77 04 DE ED 3C 1A A5 68 B6 A1 53 51 D6 6A 06 8A 1D 02 72 86 FB AA 32 D9 27 
[DEBUG] ssl/statem/statem_srvr.c:generate_accountability_keys:2858:: s->mb_info->id_length[i] :: 32 
3C AA CE 0D 00 3D 86 26 E7 38 4C BD D4 8E 94 DB EC BC B5 06 9D 3C 21 95 F3 91 0C C4 BD 1A 87 93 
[DEBUG] server.c:main:271:
[mdtls] server.c:main:274: Msg from Middlebox: GET / HTTP/1.2
Host: www.mdtls_thyun.com


[DEBUG] ssl/ssl_lib.c:SSL_new:861: Add for mdTLS 
[DEBUG] ssl/ssl_lib.c:SSL_new:862: ctx->mb_enabled :: 1 
[DEBUG] ssl/ssl_lib.c:SSL_new:864: Add for mdTLS 
[DEBUG] ssl/ssl_lib.c:SSL_new:865: s->mb_enabled :: 1 
[DEBUG] ssl/ssl_lib.c:SSL_new:871: Add for mdTLS 
[DEBUG] ssl/ssl_lib.c:SSL_new:878: Add for mdTLS 
[DEBUG] ssl/ssl_lib.c:SSL_new:906: Enabling Middlebox!! 
[DEBUG] ssl/ssl_lib.c:SSL_new:909: Enabling Middlebox!! 
[DEBUG] ssl/ssl_lib.c:SSL_new:911: s->mb_enabled 1
[DEBUG] ssl/ssl_lib.c:SSL_new:913: Enabling Middlebox!! 
[DEBUG] ssl/ssl_lib.c:SSL_enable_mb:5934: SSL_enable_mb 
[DEBUG] ssl/ssl_lib.c:make_keypair:5925:: Finished make keypair 
[DEBUG] server.c:main:266: ssl pointer :: 0x5590bd5ac3e0
[DEBUG] ssl/statem/statem_lib.c:tls_get_message_body:1704:
[DEBUG] ssl/statem/extensions_srvr.c:tls_parse_ctos_test_for_mdtls:188::  
[DEBUG] ssl/statem/extensions_srvr.c:tls_parse_ctos_test_for_mdtls:319:: Server Received CH Ext Data : 
00 00 00 00 00 00 00 00 00 00 00 00 00 00 00 00 
00 8D 00 17 02 01 00 41 04 AA 7D AE 46 76 5B 31 
47 05 F1 74 0B FB 40 E2 6C DF E9 9B 1D C9 A4 D1 
B4 CF 31 AB 55 25 83 45 B0 A9 63 2D 7E 31 EF AC 
A3 68 51 5C 5C 26 88 2C A0 18 4A B4 F8 96 1A 58 
6D B0 45 5C 36 57 53 DF 4E 02 00 41 04 C5 48 A9 
26 41 E6 DB DA 0A 07 85 AE 97 31 2D 7A E2 CB 13 
1A C4 5E F4 57 F6 33 D3 07 4F 53 87 A6 5F 53 6D 
41 A0 BE 5A D0 7E 2C 96 FD 20 CE 19 F4 6F 10 C6 
08 0B 29 DF 8B 8D CA 4A 6A DB 1C 2F 71 
[DEBUG] ssl/statem/extensions_srvr.c:tls_parse_ctos_test_for_mdtls:331:: Server Received nk is 2 : 
[DEBUG] ssl/statem/extensions_srvr.c:tls_parse_ctos_test_for_mdtls:351:: Server saved Client pub key : 
04 AA 7D AE 46 76 5B 31 47 05 F1 74 0B FB 40 E2 
6C DF E9 9B 1D C9 A4 D1 B4 CF 31 AB 55 25 83 45 
B0 A9 63 2D 7E 31 EF AC A3 68 51 5C 5C 26 88 2C 
A0 18 4A B4 F8 96 1A 58 6D B0 45 5C 36 57 53 DF 
4E 
[DEBUG] ssl/statem/extensions_srvr.c:tls_parse_ctos_test_for_mdtls:360:: Server saved MB pub key : 
04 C5 48 A9 26 41 E6 DB DA 0A 07 85 AE 97 31 2D 
7A E2 CB 13 1A C4 5E F4 57 F6 33 D3 07 4F 53 87 
A6 5F 53 6D 41 A0 BE 5A D0 7E 2C 96 FD 20 CE 19 
F4 6F 10 C6 08 0B 29 DF 8B 8D CA 4A 6A DB 1C 2F 
71 
â˜…â˜…â˜… in t1_lib.c, #2598
â˜…â˜…â˜… in t1_lib.c, #2598
â˜…â˜…â˜… in t1_lib.c, #2598
â˜…â˜…â˜… in t1_lib.c, #2598
â˜…â˜…â˜… in t1_lib.c, #2677
â˜…â˜…â˜… in t1_lib.c, #2874 
[DEBUG] ssl/statem/extensions.c:tls_construct_extensions:833:
[DEBUG] ssl/statem/extensions_cust.c:custom_ext_add:177:
[DEBUG] ssl/statem/extensions_srvr.c:tls_construct_stoc_test_for_mdtls:1613::  
[DEBUG] ssl/statem/extensions_srvr.c:tls_construct_stoc_test_for_mdtls:1721:: temp_data : 
00 49 00 17 01 01 00 41 04 A9 EF CB 8F 10 CC 5D 
A2 C6 65 BF 96 03 DC 6D 46 CB A2 F9 EF BE 6A 4A 
F8 5A 1B 9F F0 5F A4 A9 68 9D 58 38 81 72 A3 75 
62 6A 23 42 59 B2 E7 5A 64 D8 D0 EA 68 92 4A 94 
9D 26 E7 99 4B 80 9B 42 28 
[DEBUG] ssl/statem/extensions_srvr.c:tls_construct_stoc_test_for_mdtls:1736:: SH Final data: 
00 00 00 00 00 00 00 00 00 00 00 00 00 00 00 00 
00 49 00 17 01 01 00 41 04 A9 EF CB 8F 10 CC 5D 
A2 C6 65 BF 96 03 DC 6D 46 CB A2 F9 EF BE 6A 4A 
F8 5A 1B 9F F0 5F A4 A9 68 9D 58 38 81 72 A3 75 
62 6A 23 42 59 B2 E7 5A 64 D8 D0 EA 68 92 4A 94 
9D 26 E7 99 4B 80 9B 42 28 
[DEBUG] ssl/statem/statem_srvr.c:tls_construct_server_certificate:4236:: SERVER'S CERTIFICATE s->init_buf->data : 
0B 00 00 98 03 03 44 28 F7 20 15 8F 01 B4 78 A6 
E0 2F A7 00 14 69 2A 23 1C E0 E0 19 25 E0 89 FE 
39 46 86 62 3D ED 00 00 6B 00 00 70 FF 01 00 01 
00 00 23 00 00 00 16 00 00 00 17 00 00 07 E8 00 
5B 00 59 00 00 00 00 00 00 00 00 00 00 00 00 00 
00 00 00 00 49 00 17 01 01 00 41 04 A9 EF CB 8F 
10 CC 5D A2 C6 65 BF 96 03 DC 6D 46 CB A2 F9 EF 
BE 6A 4A F8 5A 1B 9F F0 5F A4 A9 68 9D 58 38 81 
72 A3 75 62 6A 23 42 59 B2 E7 5A 64 D8 D0 EA 68 
92 4A 94 9D 26 E7 99 4B 80 9B 42 28 17 02 01 00 
41 04 AA 7D AE 46 76 5B 31 47 05 F1 74 0B FB 40 
E2 6C DF E9 9B 1D C9 A4 D1 B4 CF 31 AB 55 25 83 
45 B0 A9 63 2D 7E 31 EF AC A3 68 51 5C 5C 26 88 
2C A0 18 4A B4 F8 96 1A 58 6D B0 45 5C 36 57 53 
DF 4E 02 00 41 04 C5 48 A9 26 41 E6 DB DA 0A 07 
85 AE 97 31 2D 7A E2 CB 13 1A C4 5E F4 57 F6 33 
D3 07 4F 53 87 A6 5F 53 6D 41 A0 BE 5A D0 7E 2C 
96 FD 20 CE 19 F4 6F 10 C6 08 0B 29 DF 8B 8D CA 
4A 6A DB 1C 2F 71 
[DEBUG] ssl/statem/statem_srvr.c:tls_construct_server_certificate:4261:: â˜…â˜…â˜…â˜…â˜…â˜…â˜…â˜… 
[DEBUG] ssl/statem/statem_srvr.c:tls_construct_server_certificate:4265:: Not Middlebox 
[DEBUG] ssl/statem/statem_srvr.c:generate_accountability_keys:2746:: Generate Accountability Keys 
[DEBUG] ssl/statem/statem_srvr.c:generate_accountability_keys:2757:: s->mb_info is NOT NULL 
[DEBUG] ssl/statem/statem_srvr.c:generate_accountability_keys:2768:: Generate Accountability Keys 
[DEBUG] ssl/statem/statem_srvr.c:generate_accountability_keys:2773:: Server Random SERVER:: 1 
04 A9 EF CB 8F 10 CC 5D A2 C6 65 BF 96 03 DC 6D 46 CB A2 F9 EF BE 6A 4A F8 5A 1B 9F F0 5F A4 A9 68 9D 58 38 81 72 A3 75 62 6A 23 42 59 B2 E7 5A 64 D8 D0 EA 68 92 4A 94 9D 26 E7 99 4B 80 9B 42 28 
[DEBUG] ssl/statem/statem_srvr.c:generate_accountability_keys:2779:: Client Random 
04 AA 7D AE 46 76 5B 31 47 05 F1 74 0B FB 40 E2 6C DF E9 9B 1D C9 A4 D1 B4 CF 31 AB 55 25 83 45 B0 A9 63 2D 7E 31 EF AC A3 68 51 5C 5C 26 88 2C A0 18 4A B4 F8 96 1A 58 6D B0 45 5C 36 57 53 DF 4E 
[DEBUG] ssl/statem/statem_srvr.c:generate_accountability_keys:2789:: nk value is 2 
[DEBUG] ssl/statem/statem_srvr.c:generate_accountability_keys:2802:: klen is 65 
[DEBUG] ssl/statem/statem_srvr.c:tls1_P_hash:2593:: Segment Fault 
[ERROR] ssl/statem/statem_srvr.c:tls1_P_hash:2626:: Corrupted Top Size 
[ERROR] ssl/statem/statem_srvr.c:tls1_P_hash:2630:: Corrupted Top Size 
[DEBUG] ssl/statem/statem_srvr.c:tls1_P_hash:2653:: Segment Fault 
[DEBUG] ssl/statem/statem_srvr.c:generate_accountability_keys:2819:: SECRET 
E4 FE 0C 37 97 BB 6A 21 38 59 18 7D 0F 36 16 7E 93 C5 CD E3 F1 9D 00 6C 16 84 F1 26 18 2E B1 97 
[DEBUG] ssl/statem/statem_srvr.c:generate_accountability_keys:2825:: Accountability Key 
23 D7 A7 95 5C 35 48 FE 49 21 B4 39 6B 20 75 C6 4E A2 3B 84 7D C8 0C 3B 9F 8D 24 A1 89 6E 7F 92 
[DEBUG] ssl/statem/statem_srvr.c:generate_accountability_keys:2802:: klen is 65 
[DEBUG] ssl/statem/statem_srvr.c:tls1_P_hash:2593:: Segment Fault 
[ERROR] ssl/statem/statem_srvr.c:tls1_P_hash:2626:: Corrupted Top Size 
[ERROR] ssl/statem/statem_srvr.c:tls1_P_hash:2630:: Corrupted Top Size 
[DEBUG] ssl/statem/statem_srvr.c:tls1_P_hash:2653:: Segment Fault 
[DEBUG] ssl/statem/statem_srvr.c:generate_accountability_keys:2819:: SECRET 
CC 08 11 8F 52 14 32 3B BE 13 4A 0A E5 7D B4 C9 0C DC 7D 81 31 33 D3 49 14 9B F4 FD C3 4B 1E EB 
[DEBUG] ssl/statem/statem_srvr.c:generate_accountability_keys:2825:: Accountability Key 
1B 74 A7 38 70 61 7D 2E E5 DB D6 F7 A0 09 77 F8 FE 6D AE DD 4C A5 20 E0 6B DC 46 96 E2 E2 7F DA 
[DEBUG] ssl/statem/statem_srvr.c:generate_accountability_keys:2858:: s->mb_info->id_length[i] :: 32 
44 F5 B6 32 8A 83 BC DB 08 89 18 71 0B 95 1E BC 50 7F 40 5E 77 39 73 0F 8F 52 FE EC C1 7A CC 16 
[DEBUG] ssl/statem/statem_srvr.c:generate_accountability_keys:2858:: s->mb_info->id_length[i] :: 32 
9C 64 9F 65 66 3C 80 00 10 6A 42 57 9E A3 C3 2D 60 48 C6 E5 5D E2 1F 54 59 5F F7 8F 11 F6 CD 6B 
[DEBUG] server.c:main:271:
[mdtls] server.c:main:274: Msg from Middlebox: GET / HTTP/1.2
Host: www.mdtls_thyun.com


[DEBUG] ssl/ssl_lib.c:SSL_new:861: Add for mdTLS 
[DEBUG] ssl/ssl_lib.c:SSL_new:862: ctx->mb_enabled :: 1 
[DEBUG] ssl/ssl_lib.c:SSL_new:864: Add for mdTLS 
[DEBUG] ssl/ssl_lib.c:SSL_new:865: s->mb_enabled :: 1 
[DEBUG] ssl/ssl_lib.c:SSL_new:871: Add for mdTLS 
[DEBUG] ssl/ssl_lib.c:SSL_new:878: Add for mdTLS 
[DEBUG] ssl/ssl_lib.c:SSL_new:906: Enabling Middlebox!! 
[DEBUG] ssl/ssl_lib.c:SSL_new:909: Enabling Middlebox!! 
[DEBUG] ssl/ssl_lib.c:SSL_new:911: s->mb_enabled 1
[DEBUG] ssl/ssl_lib.c:SSL_new:913: Enabling Middlebox!! 
[DEBUG] ssl/ssl_lib.c:SSL_enable_mb:5934: SSL_enable_mb 
[DEBUG] ssl/ssl_lib.c:make_keypair:5925:: Finished make keypair 
[DEBUG] server.c:main:266: ssl pointer :: 0x5590bd5ac3e0
[DEBUG] ssl/statem/statem_lib.c:tls_get_message_body:1704:
[DEBUG] ssl/statem/extensions_srvr.c:tls_parse_ctos_test_for_mdtls:188::  
[DEBUG] ssl/statem/extensions_srvr.c:tls_parse_ctos_test_for_mdtls:319:: Server Received CH Ext Data : 
00 00 00 00 00 00 00 00 00 00 00 00 00 00 00 00 
00 8D 00 17 02 01 00 41 04 AA 7D AE 46 76 5B 31 
47 05 F1 74 0B FB 40 E2 6C DF E9 9B 1D C9 A4 D1 
B4 CF 31 AB 55 25 83 45 B0 A9 63 2D 7E 31 EF AC 
A3 68 51 5C 5C 26 88 2C A0 18 4A B4 F8 96 1A 58 
6D B0 45 5C 36 57 53 DF 4E 02 00 41 04 C5 48 A9 
26 41 E6 DB DA 0A 07 85 AE 97 31 2D 7A E2 CB 13 
1A C4 5E F4 57 F6 33 D3 07 4F 53 87 A6 5F 53 6D 
41 A0 BE 5A D0 7E 2C 96 FD 20 CE 19 F4 6F 10 C6 
08 0B 29 DF 8B 8D CA 4A 6A DB 1C 2F 71 
[DEBUG] ssl/statem/extensions_srvr.c:tls_parse_ctos_test_for_mdtls:331:: Server Received nk is 2 : 
[DEBUG] ssl/statem/extensions_srvr.c:tls_parse_ctos_test_for_mdtls:351:: Server saved Client pub key : 
04 AA 7D AE 46 76 5B 31 47 05 F1 74 0B FB 40 E2 
6C DF E9 9B 1D C9 A4 D1 B4 CF 31 AB 55 25 83 45 
B0 A9 63 2D 7E 31 EF AC A3 68 51 5C 5C 26 88 2C 
A0 18 4A B4 F8 96 1A 58 6D B0 45 5C 36 57 53 DF 
4E 
[DEBUG] ssl/statem/extensions_srvr.c:tls_parse_ctos_test_for_mdtls:360:: Server saved MB pub key : 
04 C5 48 A9 26 41 E6 DB DA 0A 07 85 AE 97 31 2D 
7A E2 CB 13 1A C4 5E F4 57 F6 33 D3 07 4F 53 87 
A6 5F 53 6D 41 A0 BE 5A D0 7E 2C 96 FD 20 CE 19 
F4 6F 10 C6 08 0B 29 DF 8B 8D CA 4A 6A DB 1C 2F 
71 
â˜…â˜…â˜… in t1_lib.c, #2598
â˜…â˜…â˜… in t1_lib.c, #2598
â˜…â˜…â˜… in t1_lib.c, #2598
â˜…â˜…â˜… in t1_lib.c, #2598
â˜…â˜…â˜… in t1_lib.c, #2677
â˜…â˜…â˜… in t1_lib.c, #2874 
[DEBUG] ssl/statem/extensions.c:tls_construct_extensions:833:
[DEBUG] ssl/statem/extensions_cust.c:custom_ext_add:177:
[DEBUG] ssl/statem/extensions_srvr.c:tls_construct_stoc_test_for_mdtls:1613::  
[DEBUG] ssl/statem/extensions_srvr.c:tls_construct_stoc_test_for_mdtls:1721:: temp_data : 
00 49 00 17 01 01 00 41 04 DE B2 33 1C 15 0A AD 
0E 93 A3 CD 33 77 69 00 1F D8 35 C5 70 CF AE B9 
91 66 75 92 1E C7 E4 15 E6 EF 1E 15 72 13 91 05 
BD 2D 14 BC 52 A3 64 50 9C 35 25 AE A9 A0 8C 0B 
91 30 E2 19 01 2D 7B F6 54 
[DEBUG] ssl/statem/extensions_srvr.c:tls_construct_stoc_test_for_mdtls:1736:: SH Final data: 
00 00 00 00 00 00 00 00 00 00 00 00 00 00 00 00 
00 49 00 17 01 01 00 41 04 DE B2 33 1C 15 0A AD 
0E 93 A3 CD 33 77 69 00 1F D8 35 C5 70 CF AE B9 
91 66 75 92 1E C7 E4 15 E6 EF 1E 15 72 13 91 05 
BD 2D 14 BC 52 A3 64 50 9C 35 25 AE A9 A0 8C 0B 
91 30 E2 19 01 2D 7B F6 54 
[DEBUG] ssl/statem/statem_srvr.c:tls_construct_server_certificate:4236:: SERVER'S CERTIFICATE s->init_buf->data : 
0B 00 00 98 03 03 ED 3C 26 45 24 26 6C AC F9 26 
5E 09 3F EA FE 14 FB 25 B6 13 67 7F 74 E4 88 17 
C6 ED 13 F7 1E 23 00 00 6B 00 00 70 FF 01 00 01 
00 00 23 00 00 00 16 00 00 00 17 00 00 07 E8 00 
5B 00 59 00 00 00 00 00 00 00 00 00 00 00 00 00 
00 00 00 00 49 00 17 01 01 00 41 04 DE B2 33 1C 
15 0A AD 0E 93 A3 CD 33 77 69 00 1F D8 35 C5 70 
CF AE B9 91 66 75 92 1E C7 E4 15 E6 EF 1E 15 72 
13 91 05 BD 2D 14 BC 52 A3 64 50 9C 35 25 AE A9 
A0 8C 0B 91 30 E2 19 01 2D 7B F6 54 17 02 01 00 
41 04 AA 7D AE 46 76 5B 31 47 05 F1 74 0B FB 40 
E2 6C DF E9 9B 1D C9 A4 D1 B4 CF 31 AB 55 25 83 
45 B0 A9 63 2D 7E 31 EF AC A3 68 51 5C 5C 26 88 
2C A0 18 4A B4 F8 96 1A 58 6D B0 45 5C 36 57 53 
DF 4E 02 00 41 04 C5 48 A9 26 41 E6 DB DA 0A 07 
85 AE 97 31 2D 7A E2 CB 13 1A C4 5E F4 57 F6 33 
D3 07 4F 53 87 A6 5F 53 6D 41 A0 BE 5A D0 7E 2C 
96 FD 20 CE 19 F4 6F 10 C6 08 0B 29 DF 8B 8D CA 
4A 6A DB 1C 2F 71 
[DEBUG] ssl/statem/statem_srvr.c:tls_construct_server_certificate:4261:: â˜…â˜…â˜…â˜…â˜…â˜…â˜…â˜… 
[DEBUG] ssl/statem/statem_srvr.c:tls_construct_server_certificate:4265:: Not Middlebox 
[DEBUG] ssl/statem/statem_srvr.c:generate_accountability_keys:2746:: Generate Accountability Keys 
[DEBUG] ssl/statem/statem_srvr.c:generate_accountability_keys:2757:: s->mb_info is NOT NULL 
[DEBUG] ssl/statem/statem_srvr.c:generate_accountability_keys:2768:: Generate Accountability Keys 
[DEBUG] ssl/statem/statem_srvr.c:generate_accountability_keys:2773:: Server Random SERVER:: 1 
04 DE B2 33 1C 15 0A AD 0E 93 A3 CD 33 77 69 00 1F D8 35 C5 70 CF AE B9 91 66 75 92 1E C7 E4 15 E6 EF 1E 15 72 13 91 05 BD 2D 14 BC 52 A3 64 50 9C 35 25 AE A9 A0 8C 0B 91 30 E2 19 01 2D 7B F6 54 
[DEBUG] ssl/statem/statem_srvr.c:generate_accountability_keys:2779:: Client Random 
04 AA 7D AE 46 76 5B 31 47 05 F1 74 0B FB 40 E2 6C DF E9 9B 1D C9 A4 D1 B4 CF 31 AB 55 25 83 45 B0 A9 63 2D 7E 31 EF AC A3 68 51 5C 5C 26 88 2C A0 18 4A B4 F8 96 1A 58 6D B0 45 5C 36 57 53 DF 4E 
[DEBUG] ssl/statem/statem_srvr.c:generate_accountability_keys:2789:: nk value is 2 
[DEBUG] ssl/statem/statem_srvr.c:generate_accountability_keys:2802:: klen is 65 
[DEBUG] ssl/statem/statem_srvr.c:tls1_P_hash:2593:: Segment Fault 
[ERROR] ssl/statem/statem_srvr.c:tls1_P_hash:2626:: Corrupted Top Size 
[ERROR] ssl/statem/statem_srvr.c:tls1_P_hash:2630:: Corrupted Top Size 
[DEBUG] ssl/statem/statem_srvr.c:tls1_P_hash:2653:: Segment Fault 
[DEBUG] ssl/statem/statem_srvr.c:generate_accountability_keys:2819:: SECRET 
39 12 7C D5 29 16 D6 73 BE BD F4 74 42 A2 E7 F4 1C CC BD AE 3B 3B 1F 58 4D 7F DC CC E2 1F 42 63 
[DEBUG] ssl/statem/statem_srvr.c:generate_accountability_keys:2825:: Accountability Key 
C6 95 6B D5 A5 62 46 5B 01 F4 0A 4D FD 20 4E 4E D6 66 42 D5 E3 1E 06 E7 AF F3 B8 4F F8 A0 11 0D 
[DEBUG] ssl/statem/statem_srvr.c:generate_accountability_keys:2802:: klen is 65 
[DEBUG] ssl/statem/statem_srvr.c:tls1_P_hash:2593:: Segment Fault 
[ERROR] ssl/statem/statem_srvr.c:tls1_P_hash:2626:: Corrupted Top Size 
[ERROR] ssl/statem/statem_srvr.c:tls1_P_hash:2630:: Corrupted Top Size 
[DEBUG] ssl/statem/statem_srvr.c:tls1_P_hash:2653:: Segment Fault 
[DEBUG] ssl/statem/statem_srvr.c:generate_accountability_keys:2819:: SECRET 
4E 46 D3 46 F6 7D 19 B1 DE C0 6E C3 B5 83 5B 6B 5A 93 27 54 93 A7 62 67 6D 66 0F 64 99 F3 53 4C 
[DEBUG] ssl/statem/statem_srvr.c:generate_accountability_keys:2825:: Accountability Key 
18 51 25 44 39 E5 59 4C 09 D0 F6 F2 46 36 CC 75 90 09 CD 65 E7 FB BD BC 60 9E 12 9F D7 68 E6 CD 
[DEBUG] ssl/statem/statem_srvr.c:generate_accountability_keys:2858:: s->mb_info->id_length[i] :: 32 
A8 7F 30 18 85 17 5A 7A CF D5 B1 C3 B2 51 A7 13 7C A0 30 18 D2 5B B2 13 5A 09 C6 1F E5 FC 5D B0 
[DEBUG] ssl/statem/statem_srvr.c:generate_accountability_keys:2858:: s->mb_info->id_length[i] :: 32 
B3 65 46 1A 16 85 8F DD 3A 72 ED F9 B4 39 85 0A 76 9C 2F 19 6B A8 82 06 C6 19 9C 41 57 E2 CF 56 
[DEBUG] server.c:main:271:
[mdtls] server.c:main:274: Msg from Middlebox: GET / HTTP/1.2
Host: www.mdtls_thyun.com


[DEBUG] ssl/ssl_lib.c:SSL_new:861: Add for mdTLS 
[DEBUG] ssl/ssl_lib.c:SSL_new:862: ctx->mb_enabled :: 1 
[DEBUG] ssl/ssl_lib.c:SSL_new:864: Add for mdTLS 
[DEBUG] ssl/ssl_lib.c:SSL_new:865: s->mb_enabled :: 1 
[DEBUG] ssl/ssl_lib.c:SSL_new:871: Add for mdTLS 
[DEBUG] ssl/ssl_lib.c:SSL_new:878: Add for mdTLS 
[DEBUG] ssl/ssl_lib.c:SSL_new:906: Enabling Middlebox!! 
[DEBUG] ssl/ssl_lib.c:SSL_new:909: Enabling Middlebox!! 
[DEBUG] ssl/ssl_lib.c:SSL_new:911: s->mb_enabled 1
[DEBUG] ssl/ssl_lib.c:SSL_new:913: Enabling Middlebox!! 
[DEBUG] ssl/ssl_lib.c:SSL_enable_mb:5934: SSL_enable_mb 
[DEBUG] ssl/ssl_lib.c:make_keypair:5925:: Finished make keypair 
[DEBUG] server.c:main:266: ssl pointer :: 0x5590bd5ac3e0
[DEBUG] ssl/statem/statem_lib.c:tls_get_message_body:1704:
[DEBUG] ssl/statem/extensions_srvr.c:tls_parse_ctos_test_for_mdtls:188::  
[DEBUG] ssl/statem/extensions_srvr.c:tls_parse_ctos_test_for_mdtls:319:: Server Received CH Ext Data : 
00 00 00 00 00 00 00 00 00 00 00 00 00 00 00 00 
00 8D 00 17 02 01 00 41 04 AA 7D AE 46 76 5B 31 
47 05 F1 74 0B FB 40 E2 6C DF E9 9B 1D C9 A4 D1 
B4 CF 31 AB 55 25 83 45 B0 A9 63 2D 7E 31 EF AC 
A3 68 51 5C 5C 26 88 2C A0 18 4A B4 F8 96 1A 58 
6D B0 45 5C 36 57 53 DF 4E 02 00 41 04 C5 48 A9 
26 41 E6 DB DA 0A 07 85 AE 97 31 2D 7A E2 CB 13 
1A C4 5E F4 57 F6 33 D3 07 4F 53 87 A6 5F 53 6D 
41 A0 BE 5A D0 7E 2C 96 FD 20 CE 19 F4 6F 10 C6 
08 0B 29 DF 8B 8D CA 4A 6A DB 1C 2F 71 
[DEBUG] ssl/statem/extensions_srvr.c:tls_parse_ctos_test_for_mdtls:331:: Server Received nk is 2 : 
[DEBUG] ssl/statem/extensions_srvr.c:tls_parse_ctos_test_for_mdtls:351:: Server saved Client pub key : 
04 AA 7D AE 46 76 5B 31 47 05 F1 74 0B FB 40 E2 
6C DF E9 9B 1D C9 A4 D1 B4 CF 31 AB 55 25 83 45 
B0 A9 63 2D 7E 31 EF AC A3 68 51 5C 5C 26 88 2C 
A0 18 4A B4 F8 96 1A 58 6D B0 45 5C 36 57 53 DF 
4E 
[DEBUG] ssl/statem/extensions_srvr.c:tls_parse_ctos_test_for_mdtls:360:: Server saved MB pub key : 
04 C5 48 A9 26 41 E6 DB DA 0A 07 85 AE 97 31 2D 
7A E2 CB 13 1A C4 5E F4 57 F6 33 D3 07 4F 53 87 
A6 5F 53 6D 41 A0 BE 5A D0 7E 2C 96 FD 20 CE 19 
F4 6F 10 C6 08 0B 29 DF 8B 8D CA 4A 6A DB 1C 2F 
71 
â˜…â˜…â˜… in t1_lib.c, #2598
â˜…â˜…â˜… in t1_lib.c, #2598
â˜…â˜…â˜… in t1_lib.c, #2598
â˜…â˜…â˜… in t1_lib.c, #2598
â˜…â˜…â˜… in t1_lib.c, #2677
â˜…â˜…â˜… in t1_lib.c, #2874 
[DEBUG] ssl/statem/extensions.c:tls_construct_extensions:833:
[DEBUG] ssl/statem/extensions_cust.c:custom_ext_add:177:
[DEBUG] ssl/statem/extensions_srvr.c:tls_construct_stoc_test_for_mdtls:1613::  
[DEBUG] ssl/statem/extensions_srvr.c:tls_construct_stoc_test_for_mdtls:1721:: temp_data : 
00 49 00 17 01 01 00 41 04 49 00 C2 24 9E 3E EF 
F0 EB B4 EB 40 33 24 5B 88 9A 45 D8 62 51 73 D2 
8C E4 91 47 4B B1 CD F1 9D 5D E4 00 FC 6C 5A EB 
00 D5 FC 92 C4 80 87 A9 93 67 61 51 DB 53 51 9C 
08 58 97 FD 96 B2 31 72 6A 
[DEBUG] ssl/statem/extensions_srvr.c:tls_construct_stoc_test_for_mdtls:1736:: SH Final data: 
00 00 00 00 00 00 00 00 00 00 00 00 00 00 00 00 
00 49 00 17 01 01 00 41 04 49 00 C2 24 9E 3E EF 
F0 EB B4 EB 40 33 24 5B 88 9A 45 D8 62 51 73 D2 
8C E4 91 47 4B B1 CD F1 9D 5D E4 00 FC 6C 5A EB 
00 D5 FC 92 C4 80 87 A9 93 67 61 51 DB 53 51 9C 
08 58 97 FD 96 B2 31 72 6A 
[DEBUG] ssl/statem/statem_srvr.c:tls_construct_server_certificate:4236:: SERVER'S CERTIFICATE s->init_buf->data : 
0B 00 00 98 03 03 4A C4 3A B2 5D 3A C2 BD 0F 8D 
8F 14 D0 38 05 F2 14 3F 68 61 9E C1 58 93 B2 AB 
DA 0C 0F 78 0A 31 00 00 6B 00 00 70 FF 01 00 01 
00 00 23 00 00 00 16 00 00 00 17 00 00 07 E8 00 
5B 00 59 00 00 00 00 00 00 00 00 00 00 00 00 00 
00 00 00 00 49 00 17 01 01 00 41 04 49 00 C2 24 
9E 3E EF F0 EB B4 EB 40 33 24 5B 88 9A 45 D8 62 
51 73 D2 8C E4 91 47 4B B1 CD F1 9D 5D E4 00 FC 
6C 5A EB 00 D5 FC 92 C4 80 87 A9 93 67 61 51 DB 
53 51 9C 08 58 97 FD 96 B2 31 72 6A 17 02 01 00 
41 04 AA 7D AE 46 76 5B 31 47 05 F1 74 0B FB 40 
E2 6C DF E9 9B 1D C9 A4 D1 B4 CF 31 AB 55 25 83 
45 B0 A9 63 2D 7E 31 EF AC A3 68 51 5C 5C 26 88 
2C A0 18 4A B4 F8 96 1A 58 6D B0 45 5C 36 57 53 
DF 4E 02 00 41 04 C5 48 A9 26 41 E6 DB DA 0A 07 
85 AE 97 31 2D 7A E2 CB 13 1A C4 5E F4 57 F6 33 
D3 07 4F 53 87 A6 5F 53 6D 41 A0 BE 5A D0 7E 2C 
96 FD 20 CE 19 F4 6F 10 C6 08 0B 29 DF 8B 8D CA 
4A 6A DB 1C 2F 71 
[DEBUG] ssl/statem/statem_srvr.c:tls_construct_server_certificate:4261:: â˜…â˜…â˜…â˜…â˜…â˜…â˜…â˜… 
[DEBUG] ssl/statem/statem_srvr.c:tls_construct_server_certificate:4265:: Not Middlebox 
[DEBUG] ssl/statem/statem_srvr.c:generate_accountability_keys:2746:: Generate Accountability Keys 
[DEBUG] ssl/statem/statem_srvr.c:generate_accountability_keys:2757:: s->mb_info is NOT NULL 
[DEBUG] ssl/statem/statem_srvr.c:generate_accountability_keys:2768:: Generate Accountability Keys 
[DEBUG] ssl/statem/statem_srvr.c:generate_accountability_keys:2773:: Server Random SERVER:: 1 
04 49 00 C2 24 9E 3E EF F0 EB B4 EB 40 33 24 5B 88 9A 45 D8 62 51 73 D2 8C E4 91 47 4B B1 CD F1 9D 5D E4 00 FC 6C 5A EB 00 D5 FC 92 C4 80 87 A9 93 67 61 51 DB 53 51 9C 08 58 97 FD 96 B2 31 72 6A 
[DEBUG] ssl/statem/statem_srvr.c:generate_accountability_keys:2779:: Client Random 
04 AA 7D AE 46 76 5B 31 47 05 F1 74 0B FB 40 E2 6C DF E9 9B 1D C9 A4 D1 B4 CF 31 AB 55 25 83 45 B0 A9 63 2D 7E 31 EF AC A3 68 51 5C 5C 26 88 2C A0 18 4A B4 F8 96 1A 58 6D B0 45 5C 36 57 53 DF 4E 
[DEBUG] ssl/statem/statem_srvr.c:generate_accountability_keys:2789:: nk value is 2 
[DEBUG] ssl/statem/statem_srvr.c:generate_accountability_keys:2802:: klen is 65 
[DEBUG] ssl/statem/statem_srvr.c:tls1_P_hash:2593:: Segment Fault 
[ERROR] ssl/statem/statem_srvr.c:tls1_P_hash:2626:: Corrupted Top Size 
[ERROR] ssl/statem/statem_srvr.c:tls1_P_hash:2630:: Corrupted Top Size 
[DEBUG] ssl/statem/statem_srvr.c:tls1_P_hash:2653:: Segment Fault 
[DEBUG] ssl/statem/statem_srvr.c:generate_accountability_keys:2819:: SECRET 
42 A8 09 14 EB 8B 7E D0 D3 10 23 25 34 67 C1 B7 86 EE D4 13 2C 42 B7 28 88 BF 2E F9 45 13 C2 38 
[DEBUG] ssl/statem/statem_srvr.c:generate_accountability_keys:2825:: Accountability Key 
FF 5E 60 02 81 E6 C0 25 63 CF E5 6A 18 F3 64 0D 92 BC 42 E8 34 C3 AE 10 9F 74 26 E0 F7 B7 D7 FD 
[DEBUG] ssl/statem/statem_srvr.c:generate_accountability_keys:2802:: klen is 65 
[DEBUG] ssl/statem/statem_srvr.c:tls1_P_hash:2593:: Segment Fault 
[ERROR] ssl/statem/statem_srvr.c:tls1_P_hash:2626:: Corrupted Top Size 
[ERROR] ssl/statem/statem_srvr.c:tls1_P_hash:2630:: Corrupted Top Size 
[DEBUG] ssl/statem/statem_srvr.c:tls1_P_hash:2653:: Segment Fault 
[DEBUG] ssl/statem/statem_srvr.c:generate_accountability_keys:2819:: SECRET 
48 48 AE 3A 27 E8 8E FA 71 42 91 15 97 E7 BE 1E 09 B1 AF AA D0 35 FC 1B EB DC B0 C7 F3 5D E2 52 
[DEBUG] ssl/statem/statem_srvr.c:generate_accountability_keys:2825:: Accountability Key 
0D 2B E7 DB 03 59 C1 A8 91 AD 53 EC CD 6A 10 CD F8 BC 88 0A 73 B1 B2 4B C9 E7 03 E2 92 41 8D 04 
[DEBUG] ssl/statem/statem_srvr.c:generate_accountability_keys:2858:: s->mb_info->id_length[i] :: 32 
7C 28 3F A0 6D BD 3D 5D 15 A6 50 A3 FA CF 9D 0D 37 4D D7 6A 71 61 F1 72 7B 08 8E 92 BF 40 01 C5 
[DEBUG] ssl/statem/statem_srvr.c:generate_accountability_keys:2858:: s->mb_info->id_length[i] :: 32 
99 59 3F 3D A4 B0 10 4E CE FC 21 FE 2E 20 74 59 E9 FC 5C A6 B8 28 84 2D 45 6E 99 75 AD 19 63 F0 
[DEBUG] server.c:main:271:
[mdtls] server.c:main:274: Msg from Middlebox: GET / HTTP/1.2
Host: www.mdtls_thyun.com


[DEBUG] ssl/ssl_lib.c:SSL_new:861: Add for mdTLS 
[DEBUG] ssl/ssl_lib.c:SSL_new:862: ctx->mb_enabled :: 1 
[DEBUG] ssl/ssl_lib.c:SSL_new:864: Add for mdTLS 
[DEBUG] ssl/ssl_lib.c:SSL_new:865: s->mb_enabled :: 1 
[DEBUG] ssl/ssl_lib.c:SSL_new:871: Add for mdTLS 
[DEBUG] ssl/ssl_lib.c:SSL_new:878: Add for mdTLS 
[DEBUG] ssl/ssl_lib.c:SSL_new:906: Enabling Middlebox!! 
[DEBUG] ssl/ssl_lib.c:SSL_new:909: Enabling Middlebox!! 
[DEBUG] ssl/ssl_lib.c:SSL_new:911: s->mb_enabled 1
[DEBUG] ssl/ssl_lib.c:SSL_new:913: Enabling Middlebox!! 
[DEBUG] ssl/ssl_lib.c:SSL_enable_mb:5934: SSL_enable_mb 
[DEBUG] ssl/ssl_lib.c:make_keypair:5925:: Finished make keypair 
[DEBUG] server.c:main:266: ssl pointer :: 0x5590bd5ac3e0
[DEBUG] ssl/statem/statem_lib.c:tls_get_message_body:1704:
[DEBUG] ssl/statem/extensions_srvr.c:tls_parse_ctos_test_for_mdtls:188::  
[DEBUG] ssl/statem/extensions_srvr.c:tls_parse_ctos_test_for_mdtls:319:: Server Received CH Ext Data : 
00 00 00 00 00 00 00 00 00 00 00 00 00 00 00 00 
00 8D 00 17 02 01 00 41 04 AA 7D AE 46 76 5B 31 
47 05 F1 74 0B FB 40 E2 6C DF E9 9B 1D C9 A4 D1 
B4 CF 31 AB 55 25 83 45 B0 A9 63 2D 7E 31 EF AC 
A3 68 51 5C 5C 26 88 2C A0 18 4A B4 F8 96 1A 58 
6D B0 45 5C 36 57 53 DF 4E 02 00 41 04 C5 48 A9 
26 41 E6 DB DA 0A 07 85 AE 97 31 2D 7A E2 CB 13 
1A C4 5E F4 57 F6 33 D3 07 4F 53 87 A6 5F 53 6D 
41 A0 BE 5A D0 7E 2C 96 FD 20 CE 19 F4 6F 10 C6 
08 0B 29 DF 8B 8D CA 4A 6A DB 1C 2F 71 
[DEBUG] ssl/statem/extensions_srvr.c:tls_parse_ctos_test_for_mdtls:331:: Server Received nk is 2 : 
[DEBUG] ssl/statem/extensions_srvr.c:tls_parse_ctos_test_for_mdtls:351:: Server saved Client pub key : 
04 AA 7D AE 46 76 5B 31 47 05 F1 74 0B FB 40 E2 
6C DF E9 9B 1D C9 A4 D1 B4 CF 31 AB 55 25 83 45 
B0 A9 63 2D 7E 31 EF AC A3 68 51 5C 5C 26 88 2C 
A0 18 4A B4 F8 96 1A 58 6D B0 45 5C 36 57 53 DF 
4E 
[DEBUG] ssl/statem/extensions_srvr.c:tls_parse_ctos_test_for_mdtls:360:: Server saved MB pub key : 
04 C5 48 A9 26 41 E6 DB DA 0A 07 85 AE 97 31 2D 
7A E2 CB 13 1A C4 5E F4 57 F6 33 D3 07 4F 53 87 
A6 5F 53 6D 41 A0 BE 5A D0 7E 2C 96 FD 20 CE 19 
F4 6F 10 C6 08 0B 29 DF 8B 8D CA 4A 6A DB 1C 2F 
71 
â˜…â˜…â˜… in t1_lib.c, #2598
â˜…â˜…â˜… in t1_lib.c, #2598
â˜…â˜…â˜… in t1_lib.c, #2598
â˜…â˜…â˜… in t1_lib.c, #2598
â˜…â˜…â˜… in t1_lib.c, #2677
â˜…â˜…â˜… in t1_lib.c, #2874 
[DEBUG] ssl/statem/extensions.c:tls_construct_extensions:833:
[DEBUG] ssl/statem/extensions_cust.c:custom_ext_add:177:
[DEBUG] ssl/statem/extensions_srvr.c:tls_construct_stoc_test_for_mdtls:1613::  
[DEBUG] ssl/statem/extensions_srvr.c:tls_construct_stoc_test_for_mdtls:1721:: temp_data : 
00 49 00 17 01 01 00 41 04 5E E6 EE A2 DD 4B 9B 
B3 19 43 C9 D0 86 77 9C 9B 0A B3 17 D0 0E A5 4A 
0D 65 2F CE 3E ED FA 6A CC 10 8A FB 6E 5B 5F D7 
9D 11 C9 58 39 6B 38 26 BE C9 61 3D 7D D6 E8 41 
3B 89 04 62 5A 73 17 74 85 
[DEBUG] ssl/statem/extensions_srvr.c:tls_construct_stoc_test_for_mdtls:1736:: SH Final data: 
00 00 00 00 00 00 00 00 00 00 00 00 00 00 00 00 
00 49 00 17 01 01 00 41 04 5E E6 EE A2 DD 4B 9B 
B3 19 43 C9 D0 86 77 9C 9B 0A B3 17 D0 0E A5 4A 
0D 65 2F CE 3E ED FA 6A CC 10 8A FB 6E 5B 5F D7 
9D 11 C9 58 39 6B 38 26 BE C9 61 3D 7D D6 E8 41 
3B 89 04 62 5A 73 17 74 85 
[DEBUG] ssl/statem/statem_srvr.c:tls_construct_server_certificate:4236:: SERVER'S CERTIFICATE s->init_buf->data : 
0B 00 00 98 03 03 77 B9 35 EC A3 BF 99 DB 50 B0 
90 43 57 2F E3 2B BD 48 63 9B F0 50 9E F6 C4 C6 
A1 F1 32 E1 8F 1C 00 00 6B 00 00 70 FF 01 00 01 
00 00 23 00 00 00 16 00 00 00 17 00 00 07 E8 00 
5B 00 59 00 00 00 00 00 00 00 00 00 00 00 00 00 
00 00 00 00 49 00 17 01 01 00 41 04 5E E6 EE A2 
DD 4B 9B B3 19 43 C9 D0 86 77 9C 9B 0A B3 17 D0 
0E A5 4A 0D 65 2F CE 3E ED FA 6A CC 10 8A FB 6E 
5B 5F D7 9D 11 C9 58 39 6B 38 26 BE C9 61 3D 7D 
D6 E8 41 3B 89 04 62 5A 73 17 74 85 17 02 01 00 
41 04 AA 7D AE 46 76 5B 31 47 05 F1 74 0B FB 40 
E2 6C DF E9 9B 1D C9 A4 D1 B4 CF 31 AB 55 25 83 
45 B0 A9 63 2D 7E 31 EF AC A3 68 51 5C 5C 26 88 
2C A0 18 4A B4 F8 96 1A 58 6D B0 45 5C 36 57 53 
DF 4E 02 00 41 04 C5 48 A9 26 41 E6 DB DA 0A 07 
85 AE 97 31 2D 7A E2 CB 13 1A C4 5E F4 57 F6 33 
D3 07 4F 53 87 A6 5F 53 6D 41 A0 BE 5A D0 7E 2C 
96 FD 20 CE 19 F4 6F 10 C6 08 0B 29 DF 8B 8D CA 
4A 6A DB 1C 2F 71 
[DEBUG] ssl/statem/statem_srvr.c:tls_construct_server_certificate:4261:: â˜…â˜…â˜…â˜…â˜…â˜…â˜…â˜… 
[DEBUG] ssl/statem/statem_srvr.c:tls_construct_server_certificate:4265:: Not Middlebox 
[DEBUG] ssl/statem/statem_srvr.c:generate_accountability_keys:2746:: Generate Accountability Keys 
[DEBUG] ssl/statem/statem_srvr.c:generate_accountability_keys:2757:: s->mb_info is NOT NULL 
[DEBUG] ssl/statem/statem_srvr.c:generate_accountability_keys:2768:: Generate Accountability Keys 
[DEBUG] ssl/statem/statem_srvr.c:generate_accountability_keys:2773:: Server Random SERVER:: 1 
04 5E E6 EE A2 DD 4B 9B B3 19 43 C9 D0 86 77 9C 9B 0A B3 17 D0 0E A5 4A 0D 65 2F CE 3E ED FA 6A CC 10 8A FB 6E 5B 5F D7 9D 11 C9 58 39 6B 38 26 BE C9 61 3D 7D D6 E8 41 3B 89 04 62 5A 73 17 74 85 
[DEBUG] ssl/statem/statem_srvr.c:generate_accountability_keys:2779:: Client Random 
04 AA 7D AE 46 76 5B 31 47 05 F1 74 0B FB 40 E2 6C DF E9 9B 1D C9 A4 D1 B4 CF 31 AB 55 25 83 45 B0 A9 63 2D 7E 31 EF AC A3 68 51 5C 5C 26 88 2C A0 18 4A B4 F8 96 1A 58 6D B0 45 5C 36 57 53 DF 4E 
[DEBUG] ssl/statem/statem_srvr.c:generate_accountability_keys:2789:: nk value is 2 
[DEBUG] ssl/statem/statem_srvr.c:generate_accountability_keys:2802:: klen is 65 
[DEBUG] ssl/statem/statem_srvr.c:tls1_P_hash:2593:: Segment Fault 
[ERROR] ssl/statem/statem_srvr.c:tls1_P_hash:2626:: Corrupted Top Size 
[ERROR] ssl/statem/statem_srvr.c:tls1_P_hash:2630:: Corrupted Top Size 
[DEBUG] ssl/statem/statem_srvr.c:tls1_P_hash:2653:: Segment Fault 
[DEBUG] ssl/statem/statem_srvr.c:generate_accountability_keys:2819:: SECRET 
05 FA 81 E0 70 F6 A7 96 28 1B 5B 24 20 29 53 9E 11 AC BC D2 AB 27 33 31 99 DA F6 21 96 93 99 A2 
[DEBUG] ssl/statem/statem_srvr.c:generate_accountability_keys:2825:: Accountability Key 
66 99 99 D9 EF 5F 1F AA 56 52 2F 91 EB 26 A6 11 D7 A0 93 45 E9 3B 02 BE FA 66 9B 31 09 AC BD D6 
[DEBUG] ssl/statem/statem_srvr.c:generate_accountability_keys:2802:: klen is 65 
[DEBUG] ssl/statem/statem_srvr.c:tls1_P_hash:2593:: Segment Fault 
[ERROR] ssl/statem/statem_srvr.c:tls1_P_hash:2626:: Corrupted Top Size 
[ERROR] ssl/statem/statem_srvr.c:tls1_P_hash:2630:: Corrupted Top Size 
[DEBUG] ssl/statem/statem_srvr.c:tls1_P_hash:2653:: Segment Fault 
[DEBUG] ssl/statem/statem_srvr.c:generate_accountability_keys:2819:: SECRET 
14 FE C8 4C 89 9C 57 75 1B 74 BC 41 42 AB E2 FC 17 90 AF BD E6 76 2F 89 F1 B0 41 DF F6 40 5A 26 
[DEBUG] ssl/statem/statem_srvr.c:generate_accountability_keys:2825:: Accountability Key 
B2 BD 64 16 EF 7E B3 A2 E2 19 32 22 80 65 A5 8D 53 E3 39 F2 4D A6 17 C1 4A CD 03 AB 4A 38 AC F1 
[DEBUG] ssl/statem/statem_srvr.c:generate_accountability_keys:2858:: s->mb_info->id_length[i] :: 32 
2C 1D 60 A2 AD 0A C8 BE 0C B7 40 3B 43 3B 54 D8 55 EF 86 C4 84 A0 1E 27 BE 10 5E 09 50 20 61 B6 
[DEBUG] ssl/statem/statem_srvr.c:generate_accountability_keys:2858:: s->mb_info->id_length[i] :: 32 
EB 9A E0 CC 03 02 D1 31 DE 0A 4E DF FA A9 3E B2 7F 96 0B 1E 99 64 F6 D3 3C 1E 73 FA AD 93 F1 41 
[DEBUG] server.c:main:271:
[mdtls] server.c:main:274: Msg from Middlebox: GET / HTTP/1.2
Host: www.mdtls_thyun.com


[DEBUG] ssl/ssl_lib.c:SSL_new:861: Add for mdTLS 
[DEBUG] ssl/ssl_lib.c:SSL_new:862: ctx->mb_enabled :: 1 
[DEBUG] ssl/ssl_lib.c:SSL_new:864: Add for mdTLS 
[DEBUG] ssl/ssl_lib.c:SSL_new:865: s->mb_enabled :: 1 
[DEBUG] ssl/ssl_lib.c:SSL_new:871: Add for mdTLS 
[DEBUG] ssl/ssl_lib.c:SSL_new:878: Add for mdTLS 
[DEBUG] ssl/ssl_lib.c:SSL_new:906: Enabling Middlebox!! 
[DEBUG] ssl/ssl_lib.c:SSL_new:909: Enabling Middlebox!! 
[DEBUG] ssl/ssl_lib.c:SSL_new:911: s->mb_enabled 1
[DEBUG] ssl/ssl_lib.c:SSL_new:913: Enabling Middlebox!! 
[DEBUG] ssl/ssl_lib.c:SSL_enable_mb:5934: SSL_enable_mb 
[DEBUG] ssl/ssl_lib.c:make_keypair:5925:: Finished make keypair 
[DEBUG] server.c:main:266: ssl pointer :: 0x5590bd5ac3e0
[DEBUG] ssl/statem/statem_lib.c:tls_get_message_body:1704:
[DEBUG] ssl/statem/extensions_srvr.c:tls_parse_ctos_test_for_mdtls:188::  
[DEBUG] ssl/statem/extensions_srvr.c:tls_parse_ctos_test_for_mdtls:319:: Server Received CH Ext Data : 
00 00 00 00 00 00 00 00 00 00 00 00 00 00 00 00 
00 8D 00 17 02 01 00 41 04 AA 7D AE 46 76 5B 31 
47 05 F1 74 0B FB 40 E2 6C DF E9 9B 1D C9 A4 D1 
B4 CF 31 AB 55 25 83 45 B0 A9 63 2D 7E 31 EF AC 
A3 68 51 5C 5C 26 88 2C A0 18 4A B4 F8 96 1A 58 
6D B0 45 5C 36 57 53 DF 4E 02 00 41 04 C5 48 A9 
26 41 E6 DB DA 0A 07 85 AE 97 31 2D 7A E2 CB 13 
1A C4 5E F4 57 F6 33 D3 07 4F 53 87 A6 5F 53 6D 
41 A0 BE 5A D0 7E 2C 96 FD 20 CE 19 F4 6F 10 C6 
08 0B 29 DF 8B 8D CA 4A 6A DB 1C 2F 71 
[DEBUG] ssl/statem/extensions_srvr.c:tls_parse_ctos_test_for_mdtls:331:: Server Received nk is 2 : 
[DEBUG] ssl/statem/extensions_srvr.c:tls_parse_ctos_test_for_mdtls:351:: Server saved Client pub key : 
04 AA 7D AE 46 76 5B 31 47 05 F1 74 0B FB 40 E2 
6C DF E9 9B 1D C9 A4 D1 B4 CF 31 AB 55 25 83 45 
B0 A9 63 2D 7E 31 EF AC A3 68 51 5C 5C 26 88 2C 
A0 18 4A B4 F8 96 1A 58 6D B0 45 5C 36 57 53 DF 
4E 
[DEBUG] ssl/statem/extensions_srvr.c:tls_parse_ctos_test_for_mdtls:360:: Server saved MB pub key : 
04 C5 48 A9 26 41 E6 DB DA 0A 07 85 AE 97 31 2D 
7A E2 CB 13 1A C4 5E F4 57 F6 33 D3 07 4F 53 87 
A6 5F 53 6D 41 A0 BE 5A D0 7E 2C 96 FD 20 CE 19 
F4 6F 10 C6 08 0B 29 DF 8B 8D CA 4A 6A DB 1C 2F 
71 
â˜…â˜…â˜… in t1_lib.c, #2598
â˜…â˜…â˜… in t1_lib.c, #2598
â˜…â˜…â˜… in t1_lib.c, #2598
â˜…â˜…â˜… in t1_lib.c, #2598
â˜…â˜…â˜… in t1_lib.c, #2677
â˜…â˜…â˜… in t1_lib.c, #2874 
[DEBUG] ssl/statem/extensions.c:tls_construct_extensions:833:
[DEBUG] ssl/statem/extensions_cust.c:custom_ext_add:177:
[DEBUG] ssl/statem/extensions_srvr.c:tls_construct_stoc_test_for_mdtls:1613::  
[DEBUG] ssl/statem/extensions_srvr.c:tls_construct_stoc_test_for_mdtls:1721:: temp_data : 
00 49 00 17 01 01 00 41 04 EB CA C0 41 31 D8 C3 
17 56 A8 48 A6 ED 5D 51 22 26 0B 50 D2 91 79 36 
89 93 CB 2E 52 69 55 D2 5E 20 CB 09 B3 14 C8 6C 
51 12 AC 2A 4C 3B F7 3A 49 69 52 A7 53 50 9D 47 
1F BD 8A 5D CD 4B 51 73 26 
[DEBUG] ssl/statem/extensions_srvr.c:tls_construct_stoc_test_for_mdtls:1736:: SH Final data: 
00 00 00 00 00 00 00 00 00 00 00 00 00 00 00 00 
00 49 00 17 01 01 00 41 04 EB CA C0 41 31 D8 C3 
17 56 A8 48 A6 ED 5D 51 22 26 0B 50 D2 91 79 36 
89 93 CB 2E 52 69 55 D2 5E 20 CB 09 B3 14 C8 6C 
51 12 AC 2A 4C 3B F7 3A 49 69 52 A7 53 50 9D 47 
1F BD 8A 5D CD 4B 51 73 26 
[DEBUG] ssl/statem/statem_srvr.c:tls_construct_server_certificate:4236:: SERVER'S CERTIFICATE s->init_buf->data : 
0B 00 00 98 03 03 36 2E 23 B1 F3 AC 4F 25 1C 94 
EB 9B 13 40 BB 9C F3 67 1F D0 85 C7 81 35 1C 22 
12 B3 5D 12 5B B6 00 00 6B 00 00 70 FF 01 00 01 
00 00 23 00 00 00 16 00 00 00 17 00 00 07 E8 00 
5B 00 59 00 00 00 00 00 00 00 00 00 00 00 00 00 
00 00 00 00 49 00 17 01 01 00 41 04 EB CA C0 41 
31 D8 C3 17 56 A8 48 A6 ED 5D 51 22 26 0B 50 D2 
91 79 36 89 93 CB 2E 52 69 55 D2 5E 20 CB 09 B3 
14 C8 6C 51 12 AC 2A 4C 3B F7 3A 49 69 52 A7 53 
50 9D 47 1F BD 8A 5D CD 4B 51 73 26 17 02 01 00 
41 04 AA 7D AE 46 76 5B 31 47 05 F1 74 0B FB 40 
E2 6C DF E9 9B 1D C9 A4 D1 B4 CF 31 AB 55 25 83 
45 B0 A9 63 2D 7E 31 EF AC A3 68 51 5C 5C 26 88 
2C A0 18 4A B4 F8 96 1A 58 6D B0 45 5C 36 57 53 
DF 4E 02 00 41 04 C5 48 A9 26 41 E6 DB DA 0A 07 
85 AE 97 31 2D 7A E2 CB 13 1A C4 5E F4 57 F6 33 
D3 07 4F 53 87 A6 5F 53 6D 41 A0 BE 5A D0 7E 2C 
96 FD 20 CE 19 F4 6F 10 C6 08 0B 29 DF 8B 8D CA 
4A 6A DB 1C 2F 71 
[DEBUG] ssl/statem/statem_srvr.c:tls_construct_server_certificate:4261:: â˜…â˜…â˜…â˜…â˜…â˜…â˜…â˜… 
[DEBUG] ssl/statem/statem_srvr.c:tls_construct_server_certificate:4265:: Not Middlebox 
[DEBUG] ssl/statem/statem_srvr.c:generate_accountability_keys:2746:: Generate Accountability Keys 
[DEBUG] ssl/statem/statem_srvr.c:generate_accountability_keys:2757:: s->mb_info is NOT NULL 
[DEBUG] ssl/statem/statem_srvr.c:generate_accountability_keys:2768:: Generate Accountability Keys 
[DEBUG] ssl/statem/statem_srvr.c:generate_accountability_keys:2773:: Server Random SERVER:: 1 
04 EB CA C0 41 31 D8 C3 17 56 A8 48 A6 ED 5D 51 22 26 0B 50 D2 91 79 36 89 93 CB 2E 52 69 55 D2 5E 20 CB 09 B3 14 C8 6C 51 12 AC 2A 4C 3B F7 3A 49 69 52 A7 53 50 9D 47 1F BD 8A 5D CD 4B 51 73 26 
[DEBUG] ssl/statem/statem_srvr.c:generate_accountability_keys:2779:: Client Random 
04 AA 7D AE 46 76 5B 31 47 05 F1 74 0B FB 40 E2 6C DF E9 9B 1D C9 A4 D1 B4 CF 31 AB 55 25 83 45 B0 A9 63 2D 7E 31 EF AC A3 68 51 5C 5C 26 88 2C A0 18 4A B4 F8 96 1A 58 6D B0 45 5C 36 57 53 DF 4E 
[DEBUG] ssl/statem/statem_srvr.c:generate_accountability_keys:2789:: nk value is 2 
[DEBUG] ssl/statem/statem_srvr.c:generate_accountability_keys:2802:: klen is 65 
[DEBUG] ssl/statem/statem_srvr.c:tls1_P_hash:2593:: Segment Fault 
[ERROR] ssl/statem/statem_srvr.c:tls1_P_hash:2626:: Corrupted Top Size 
[ERROR] ssl/statem/statem_srvr.c:tls1_P_hash:2630:: Corrupted Top Size 
[DEBUG] ssl/statem/statem_srvr.c:tls1_P_hash:2653:: Segment Fault 
[DEBUG] ssl/statem/statem_srvr.c:generate_accountability_keys:2819:: SECRET 
27 72 7C 7C A8 8F 07 18 B4 FC 9F C6 DF 7E 60 1F 56 41 49 8F 36 8E 50 EE 28 91 9D B7 A0 51 A6 5D 
[DEBUG] ssl/statem/statem_srvr.c:generate_accountability_keys:2825:: Accountability Key 
46 D3 38 F3 1D 40 D7 18 F8 6C 43 73 6D E3 38 C9 BB BD 5A B9 D8 37 28 33 57 03 E4 85 B5 10 99 00 
[DEBUG] ssl/statem/statem_srvr.c:generate_accountability_keys:2802:: klen is 65 
[DEBUG] ssl/statem/statem_srvr.c:tls1_P_hash:2593:: Segment Fault 
[ERROR] ssl/statem/statem_srvr.c:tls1_P_hash:2626:: Corrupted Top Size 
[ERROR] ssl/statem/statem_srvr.c:tls1_P_hash:2630:: Corrupted Top Size 
[DEBUG] ssl/statem/statem_srvr.c:tls1_P_hash:2653:: Segment Fault 
[DEBUG] ssl/statem/statem_srvr.c:generate_accountability_keys:2819:: SECRET 
46 02 7B DF F0 81 B0 7E 94 56 8C 4D ED 20 C0 88 3A B7 50 02 1A BB A6 4D 05 B8 F9 15 A9 B5 B3 88 
[DEBUG] ssl/statem/statem_srvr.c:generate_accountability_keys:2825:: Accountability Key 
F1 18 18 C9 9D FF E4 93 57 95 8D 9D 76 FC 60 AB 92 68 C1 51 64 88 47 A5 18 F2 3D A5 0F FD 26 67 
[DEBUG] ssl/statem/statem_srvr.c:generate_accountability_keys:2858:: s->mb_info->id_length[i] :: 32 
81 59 C9 FC F0 BF F0 7E 3E 42 F5 0A F7 B5 1A 66 02 C8 3D 58 51 92 33 C9 06 72 DE 05 12 33 D3 29 
[DEBUG] ssl/statem/statem_srvr.c:generate_accountability_keys:2858:: s->mb_info->id_length[i] :: 32 
04 03 2A 93 06 A7 15 E7 39 2A E2 EF 47 CB BF 3B BD 31 4F 95 7B 4B 1B 03 DB BE AA 00 70 34 E9 3A 
[DEBUG] server.c:main:271:
[mdtls] server.c:main:274: Msg from Middlebox: GET / HTTP/1.2
Host: www.mdtls_thyun.com


[DEBUG] ssl/ssl_lib.c:SSL_new:861: Add for mdTLS 
[DEBUG] ssl/ssl_lib.c:SSL_new:862: ctx->mb_enabled :: 1 
[DEBUG] ssl/ssl_lib.c:SSL_new:864: Add for mdTLS 
[DEBUG] ssl/ssl_lib.c:SSL_new:865: s->mb_enabled :: 1 
[DEBUG] ssl/ssl_lib.c:SSL_new:871: Add for mdTLS 
[DEBUG] ssl/ssl_lib.c:SSL_new:878: Add for mdTLS 
[DEBUG] ssl/ssl_lib.c:SSL_new:906: Enabling Middlebox!! 
[DEBUG] ssl/ssl_lib.c:SSL_new:909: Enabling Middlebox!! 
[DEBUG] ssl/ssl_lib.c:SSL_new:911: s->mb_enabled 1
[DEBUG] ssl/ssl_lib.c:SSL_new:913: Enabling Middlebox!! 
[DEBUG] ssl/ssl_lib.c:SSL_enable_mb:5934: SSL_enable_mb 
[DEBUG] ssl/ssl_lib.c:make_keypair:5925:: Finished make keypair 
[DEBUG] server.c:main:266: ssl pointer :: 0x5590bd5ac3e0
[DEBUG] ssl/statem/statem_lib.c:tls_get_message_body:1704:
[DEBUG] ssl/statem/extensions_srvr.c:tls_parse_ctos_test_for_mdtls:188::  
[DEBUG] ssl/statem/extensions_srvr.c:tls_parse_ctos_test_for_mdtls:319:: Server Received CH Ext Data : 
00 00 00 00 00 00 00 00 00 00 00 00 00 00 00 00 
00 8D 00 17 02 01 00 41 04 AA 7D AE 46 76 5B 31 
47 05 F1 74 0B FB 40 E2 6C DF E9 9B 1D C9 A4 D1 
B4 CF 31 AB 55 25 83 45 B0 A9 63 2D 7E 31 EF AC 
A3 68 51 5C 5C 26 88 2C A0 18 4A B4 F8 96 1A 58 
6D B0 45 5C 36 57 53 DF 4E 02 00 41 04 C5 48 A9 
26 41 E6 DB DA 0A 07 85 AE 97 31 2D 7A E2 CB 13 
1A C4 5E F4 57 F6 33 D3 07 4F 53 87 A6 5F 53 6D 
41 A0 BE 5A D0 7E 2C 96 FD 20 CE 19 F4 6F 10 C6 
08 0B 29 DF 8B 8D CA 4A 6A DB 1C 2F 71 
[DEBUG] ssl/statem/extensions_srvr.c:tls_parse_ctos_test_for_mdtls:331:: Server Received nk is 2 : 
[DEBUG] ssl/statem/extensions_srvr.c:tls_parse_ctos_test_for_mdtls:351:: Server saved Client pub key : 
04 AA 7D AE 46 76 5B 31 47 05 F1 74 0B FB 40 E2 
6C DF E9 9B 1D C9 A4 D1 B4 CF 31 AB 55 25 83 45 
B0 A9 63 2D 7E 31 EF AC A3 68 51 5C 5C 26 88 2C 
A0 18 4A B4 F8 96 1A 58 6D B0 45 5C 36 57 53 DF 
4E 
[DEBUG] ssl/statem/extensions_srvr.c:tls_parse_ctos_test_for_mdtls:360:: Server saved MB pub key : 
04 C5 48 A9 26 41 E6 DB DA 0A 07 85 AE 97 31 2D 
7A E2 CB 13 1A C4 5E F4 57 F6 33 D3 07 4F 53 87 
A6 5F 53 6D 41 A0 BE 5A D0 7E 2C 96 FD 20 CE 19 
F4 6F 10 C6 08 0B 29 DF 8B 8D CA 4A 6A DB 1C 2F 
71 
â˜…â˜…â˜… in t1_lib.c, #2598
â˜…â˜…â˜… in t1_lib.c, #2598
â˜…â˜…â˜… in t1_lib.c, #2598
â˜…â˜…â˜… in t1_lib.c, #2598
â˜…â˜…â˜… in t1_lib.c, #2677
â˜…â˜…â˜… in t1_lib.c, #2874 
[DEBUG] ssl/statem/extensions.c:tls_construct_extensions:833:
[DEBUG] ssl/statem/extensions_cust.c:custom_ext_add:177:
[DEBUG] ssl/statem/extensions_srvr.c:tls_construct_stoc_test_for_mdtls:1613::  
[DEBUG] ssl/statem/extensions_srvr.c:tls_construct_stoc_test_for_mdtls:1721:: temp_data : 
00 49 00 17 01 01 00 41 04 57 1D C7 09 CA FB 8C 
15 FD C1 CC 25 F1 C6 76 2B BE 66 8C D2 1D DC 2D 
FD EA 90 F7 1C 7C BE CF 39 EC 5C BE CC 57 73 E9 
4C C2 42 00 E0 A6 F7 AE D2 29 63 5A 6E 43 B5 48 
2B CA 61 83 8F 9C 49 9A 79 
[DEBUG] ssl/statem/extensions_srvr.c:tls_construct_stoc_test_for_mdtls:1736:: SH Final data: 
00 00 00 00 00 00 00 00 00 00 00 00 00 00 00 00 
00 49 00 17 01 01 00 41 04 57 1D C7 09 CA FB 8C 
15 FD C1 CC 25 F1 C6 76 2B BE 66 8C D2 1D DC 2D 
FD EA 90 F7 1C 7C BE CF 39 EC 5C BE CC 57 73 E9 
4C C2 42 00 E0 A6 F7 AE D2 29 63 5A 6E 43 B5 48 
2B CA 61 83 8F 9C 49 9A 79 
[DEBUG] ssl/statem/statem_srvr.c:tls_construct_server_certificate:4236:: SERVER'S CERTIFICATE s->init_buf->data : 
0B 00 00 98 03 03 4E 30 D9 1A 52 54 04 6B 77 6E 
B6 F0 4C DC C7 59 1D 5B CF C8 0B 12 C8 38 C1 C0 
64 02 DB CF 3A 53 00 00 6B 00 00 70 FF 01 00 01 
00 00 23 00 00 00 16 00 00 00 17 00 00 07 E8 00 
5B 00 59 00 00 00 00 00 00 00 00 00 00 00 00 00 
00 00 00 00 49 00 17 01 01 00 41 04 57 1D C7 09 
CA FB 8C 15 FD C1 CC 25 F1 C6 76 2B BE 66 8C D2 
1D DC 2D FD EA 90 F7 1C 7C BE CF 39 EC 5C BE CC 
57 73 E9 4C C2 42 00 E0 A6 F7 AE D2 29 63 5A 6E 
43 B5 48 2B CA 61 83 8F 9C 49 9A 79 17 02 01 00 
41 04 AA 7D AE 46 76 5B 31 47 05 F1 74 0B FB 40 
E2 6C DF E9 9B 1D C9 A4 D1 B4 CF 31 AB 55 25 83 
45 B0 A9 63 2D 7E 31 EF AC A3 68 51 5C 5C 26 88 
2C A0 18 4A B4 F8 96 1A 58 6D B0 45 5C 36 57 53 
DF 4E 02 00 41 04 C5 48 A9 26 41 E6 DB DA 0A 07 
85 AE 97 31 2D 7A E2 CB 13 1A C4 5E F4 57 F6 33 
D3 07 4F 53 87 A6 5F 53 6D 41 A0 BE 5A D0 7E 2C 
96 FD 20 CE 19 F4 6F 10 C6 08 0B 29 DF 8B 8D CA 
4A 6A DB 1C 2F 71 
[DEBUG] ssl/statem/statem_srvr.c:tls_construct_server_certificate:4261:: â˜…â˜…â˜…â˜…â˜…â˜…â˜…â˜… 
[DEBUG] ssl/statem/statem_srvr.c:tls_construct_server_certificate:4265:: Not Middlebox 
[DEBUG] ssl/statem/statem_srvr.c:generate_accountability_keys:2746:: Generate Accountability Keys 
[DEBUG] ssl/statem/statem_srvr.c:generate_accountability_keys:2757:: s->mb_info is NOT NULL 
[DEBUG] ssl/statem/statem_srvr.c:generate_accountability_keys:2768:: Generate Accountability Keys 
[DEBUG] ssl/statem/statem_srvr.c:generate_accountability_keys:2773:: Server Random SERVER:: 1 
04 57 1D C7 09 CA FB 8C 15 FD C1 CC 25 F1 C6 76 2B BE 66 8C D2 1D DC 2D FD EA 90 F7 1C 7C BE CF 39 EC 5C BE CC 57 73 E9 4C C2 42 00 E0 A6 F7 AE D2 29 63 5A 6E 43 B5 48 2B CA 61 83 8F 9C 49 9A 79 
[DEBUG] ssl/statem/statem_srvr.c:generate_accountability_keys:2779:: Client Random 
04 AA 7D AE 46 76 5B 31 47 05 F1 74 0B FB 40 E2 6C DF E9 9B 1D C9 A4 D1 B4 CF 31 AB 55 25 83 45 B0 A9 63 2D 7E 31 EF AC A3 68 51 5C 5C 26 88 2C A0 18 4A B4 F8 96 1A 58 6D B0 45 5C 36 57 53 DF 4E 
[DEBUG] ssl/statem/statem_srvr.c:generate_accountability_keys:2789:: nk value is 2 
[DEBUG] ssl/statem/statem_srvr.c:generate_accountability_keys:2802:: klen is 65 
[DEBUG] ssl/statem/statem_srvr.c:tls1_P_hash:2593:: Segment Fault 
[ERROR] ssl/statem/statem_srvr.c:tls1_P_hash:2626:: Corrupted Top Size 
[ERROR] ssl/statem/statem_srvr.c:tls1_P_hash:2630:: Corrupted Top Size 
[DEBUG] ssl/statem/statem_srvr.c:tls1_P_hash:2653:: Segment Fault 
[DEBUG] ssl/statem/statem_srvr.c:generate_accountability_keys:2819:: SECRET 
41 6F 82 2F DA 81 20 9F AA 82 23 70 49 B7 86 A3 14 95 3D 1D EA 50 FB CD 01 7D 44 7E 2B EF 4E 7C 
[DEBUG] ssl/statem/statem_srvr.c:generate_accountability_keys:2825:: Accountability Key 
BE 3F 44 B4 9E 49 42 D8 F4 7B A5 F1 0E E2 17 12 6F CF 8B D9 8D ED B5 D6 59 4F 4D AF 12 E7 82 B5 
[DEBUG] ssl/statem/statem_srvr.c:generate_accountability_keys:2802:: klen is 65 
[DEBUG] ssl/statem/statem_srvr.c:tls1_P_hash:2593:: Segment Fault 
[ERROR] ssl/statem/statem_srvr.c:tls1_P_hash:2626:: Corrupted Top Size 
[ERROR] ssl/statem/statem_srvr.c:tls1_P_hash:2630:: Corrupted Top Size 
[DEBUG] ssl/statem/statem_srvr.c:tls1_P_hash:2653:: Segment Fault 
[DEBUG] ssl/statem/statem_srvr.c:generate_accountability_keys:2819:: SECRET 
F5 71 23 62 BB 61 45 4A 75 94 25 36 50 AC 54 94 B8 35 1F 75 69 FF 09 C5 F3 F1 2E CE CC 8F 38 34 
[DEBUG] ssl/statem/statem_srvr.c:generate_accountability_keys:2825:: Accountability Key 
19 7B 2A C9 73 DF 61 DA C2 9D 23 92 45 87 6A B4 EE 34 D1 4D 48 AD C0 7A 20 B7 99 AD A9 95 E8 39 
[DEBUG] ssl/statem/statem_srvr.c:generate_accountability_keys:2858:: s->mb_info->id_length[i] :: 32 
C9 AB 45 A8 94 CF 1F 74 98 F0 2A CE 06 64 FB 35 DD 69 69 83 5C BF A3 20 36 DC 46 5E E9 9C 23 19 
[DEBUG] ssl/statem/statem_srvr.c:generate_accountability_keys:2858:: s->mb_info->id_length[i] :: 32 
2C FB 29 E8 F2 D9 D1 C4 6A 8F B5 6E C4 01 32 47 4B AE 3E 27 44 6E A8 B2 E9 36 D6 71 19 56 9E D3 
[DEBUG] server.c:main:271:
[mdtls] server.c:main:274: Msg from Middlebox: GET / HTTP/1.2
Host: www.mdtls_thyun.com


[DEBUG] ssl/ssl_lib.c:SSL_new:861: Add for mdTLS 
[DEBUG] ssl/ssl_lib.c:SSL_new:862: ctx->mb_enabled :: 1 
[DEBUG] ssl/ssl_lib.c:SSL_new:864: Add for mdTLS 
[DEBUG] ssl/ssl_lib.c:SSL_new:865: s->mb_enabled :: 1 
[DEBUG] ssl/ssl_lib.c:SSL_new:871: Add for mdTLS 
[DEBUG] ssl/ssl_lib.c:SSL_new:878: Add for mdTLS 
[DEBUG] ssl/ssl_lib.c:SSL_new:906: Enabling Middlebox!! 
[DEBUG] ssl/ssl_lib.c:SSL_new:909: Enabling Middlebox!! 
[DEBUG] ssl/ssl_lib.c:SSL_new:911: s->mb_enabled 1
[DEBUG] ssl/ssl_lib.c:SSL_new:913: Enabling Middlebox!! 
[DEBUG] ssl/ssl_lib.c:SSL_enable_mb:5934: SSL_enable_mb 
[DEBUG] ssl/ssl_lib.c:make_keypair:5925:: Finished make keypair 
[DEBUG] server.c:main:266: ssl pointer :: 0x5590bd5ac3e0
[DEBUG] ssl/statem/statem_lib.c:tls_get_message_body:1704:
[DEBUG] ssl/statem/extensions_srvr.c:tls_parse_ctos_test_for_mdtls:188::  
[DEBUG] ssl/statem/extensions_srvr.c:tls_parse_ctos_test_for_mdtls:319:: Server Received CH Ext Data : 
00 00 00 00 00 00 00 00 00 00 00 00 00 00 00 00 
00 8D 00 17 02 01 00 41 04 AA 7D AE 46 76 5B 31 
47 05 F1 74 0B FB 40 E2 6C DF E9 9B 1D C9 A4 D1 
B4 CF 31 AB 55 25 83 45 B0 A9 63 2D 7E 31 EF AC 
A3 68 51 5C 5C 26 88 2C A0 18 4A B4 F8 96 1A 58 
6D B0 45 5C 36 57 53 DF 4E 02 00 41 04 C5 48 A9 
26 41 E6 DB DA 0A 07 85 AE 97 31 2D 7A E2 CB 13 
1A C4 5E F4 57 F6 33 D3 07 4F 53 87 A6 5F 53 6D 
41 A0 BE 5A D0 7E 2C 96 FD 20 CE 19 F4 6F 10 C6 
08 0B 29 DF 8B 8D CA 4A 6A DB 1C 2F 71 
[DEBUG] ssl/statem/extensions_srvr.c:tls_parse_ctos_test_for_mdtls:331:: Server Received nk is 2 : 
[DEBUG] ssl/statem/extensions_srvr.c:tls_parse_ctos_test_for_mdtls:351:: Server saved Client pub key : 
04 AA 7D AE 46 76 5B 31 47 05 F1 74 0B FB 40 E2 
6C DF E9 9B 1D C9 A4 D1 B4 CF 31 AB 55 25 83 45 
B0 A9 63 2D 7E 31 EF AC A3 68 51 5C 5C 26 88 2C 
A0 18 4A B4 F8 96 1A 58 6D B0 45 5C 36 57 53 DF 
4E 
[DEBUG] ssl/statem/extensions_srvr.c:tls_parse_ctos_test_for_mdtls:360:: Server saved MB pub key : 
04 C5 48 A9 26 41 E6 DB DA 0A 07 85 AE 97 31 2D 
7A E2 CB 13 1A C4 5E F4 57 F6 33 D3 07 4F 53 87 
A6 5F 53 6D 41 A0 BE 5A D0 7E 2C 96 FD 20 CE 19 
F4 6F 10 C6 08 0B 29 DF 8B 8D CA 4A 6A DB 1C 2F 
71 
â˜…â˜…â˜… in t1_lib.c, #2598
â˜…â˜…â˜… in t1_lib.c, #2598
â˜…â˜…â˜… in t1_lib.c, #2598
â˜…â˜…â˜… in t1_lib.c, #2598
â˜…â˜…â˜… in t1_lib.c, #2677
â˜…â˜…â˜… in t1_lib.c, #2874 
[DEBUG] ssl/statem/extensions.c:tls_construct_extensions:833:
[DEBUG] ssl/statem/extensions_cust.c:custom_ext_add:177:
[DEBUG] ssl/statem/extensions_srvr.c:tls_construct_stoc_test_for_mdtls:1613::  
[DEBUG] ssl/statem/extensions_srvr.c:tls_construct_stoc_test_for_mdtls:1721:: temp_data : 
00 49 00 17 01 01 00 41 04 1C 04 A1 71 28 D0 4A 
D7 79 60 A4 A0 13 49 05 D3 69 EA 75 6B 92 C2 14 
38 65 0E 5F 49 AA 54 3B FE F2 9B 94 F2 AA B7 7E 
D1 9D 37 F4 94 B5 B6 10 5B B9 0D DA DD 34 7C CD 
9D 98 EC C0 35 79 F7 92 2F 
[DEBUG] ssl/statem/extensions_srvr.c:tls_construct_stoc_test_for_mdtls:1736:: SH Final data: 
00 00 00 00 00 00 00 00 00 00 00 00 00 00 00 00 
00 49 00 17 01 01 00 41 04 1C 04 A1 71 28 D0 4A 
D7 79 60 A4 A0 13 49 05 D3 69 EA 75 6B 92 C2 14 
38 65 0E 5F 49 AA 54 3B FE F2 9B 94 F2 AA B7 7E 
D1 9D 37 F4 94 B5 B6 10 5B B9 0D DA DD 34 7C CD 
9D 98 EC C0 35 79 F7 92 2F 
[DEBUG] ssl/statem/statem_srvr.c:tls_construct_server_certificate:4236:: SERVER'S CERTIFICATE s->init_buf->data : 
0B 00 00 98 03 03 13 25 30 63 82 89 3B EB C9 BA 
F7 3C 6F 1C 5F C8 A4 26 97 9F 5C C8 5F 7F 5B 34 
0D FC 0C 1F 26 E4 00 00 6B 00 00 70 FF 01 00 01 
00 00 23 00 00 00 16 00 00 00 17 00 00 07 E8 00 
5B 00 59 00 00 00 00 00 00 00 00 00 00 00 00 00 
00 00 00 00 49 00 17 01 01 00 41 04 1C 04 A1 71 
28 D0 4A D7 79 60 A4 A0 13 49 05 D3 69 EA 75 6B 
92 C2 14 38 65 0E 5F 49 AA 54 3B FE F2 9B 94 F2 
AA B7 7E D1 9D 37 F4 94 B5 B6 10 5B B9 0D DA DD 
34 7C CD 9D 98 EC C0 35 79 F7 92 2F 17 02 01 00 
41 04 AA 7D AE 46 76 5B 31 47 05 F1 74 0B FB 40 
E2 6C DF E9 9B 1D C9 A4 D1 B4 CF 31 AB 55 25 83 
45 B0 A9 63 2D 7E 31 EF AC A3 68 51 5C 5C 26 88 
2C A0 18 4A B4 F8 96 1A 58 6D B0 45 5C 36 57 53 
DF 4E 02 00 41 04 C5 48 A9 26 41 E6 DB DA 0A 07 
85 AE 97 31 2D 7A E2 CB 13 1A C4 5E F4 57 F6 33 
D3 07 4F 53 87 A6 5F 53 6D 41 A0 BE 5A D0 7E 2C 
96 FD 20 CE 19 F4 6F 10 C6 08 0B 29 DF 8B 8D CA 
4A 6A DB 1C 2F 71 
[DEBUG] ssl/statem/statem_srvr.c:tls_construct_server_certificate:4261:: â˜…â˜…â˜…â˜…â˜…â˜…â˜…â˜… 
[DEBUG] ssl/statem/statem_srvr.c:tls_construct_server_certificate:4265:: Not Middlebox 
[DEBUG] ssl/statem/statem_srvr.c:generate_accountability_keys:2746:: Generate Accountability Keys 
[DEBUG] ssl/statem/statem_srvr.c:generate_accountability_keys:2757:: s->mb_info is NOT NULL 
[DEBUG] ssl/statem/statem_srvr.c:generate_accountability_keys:2768:: Generate Accountability Keys 
[DEBUG] ssl/statem/statem_srvr.c:generate_accountability_keys:2773:: Server Random SERVER:: 1 
04 1C 04 A1 71 28 D0 4A D7 79 60 A4 A0 13 49 05 D3 69 EA 75 6B 92 C2 14 38 65 0E 5F 49 AA 54 3B FE F2 9B 94 F2 AA B7 7E D1 9D 37 F4 94 B5 B6 10 5B B9 0D DA DD 34 7C CD 9D 98 EC C0 35 79 F7 92 2F 
[DEBUG] ssl/statem/statem_srvr.c:generate_accountability_keys:2779:: Client Random 
04 AA 7D AE 46 76 5B 31 47 05 F1 74 0B FB 40 E2 6C DF E9 9B 1D C9 A4 D1 B4 CF 31 AB 55 25 83 45 B0 A9 63 2D 7E 31 EF AC A3 68 51 5C 5C 26 88 2C A0 18 4A B4 F8 96 1A 58 6D B0 45 5C 36 57 53 DF 4E 
[DEBUG] ssl/statem/statem_srvr.c:generate_accountability_keys:2789:: nk value is 2 
[DEBUG] ssl/statem/statem_srvr.c:generate_accountability_keys:2802:: klen is 65 
[DEBUG] ssl/statem/statem_srvr.c:tls1_P_hash:2593:: Segment Fault 
[ERROR] ssl/statem/statem_srvr.c:tls1_P_hash:2626:: Corrupted Top Size 
[ERROR] ssl/statem/statem_srvr.c:tls1_P_hash:2630:: Corrupted Top Size 
[DEBUG] ssl/statem/statem_srvr.c:tls1_P_hash:2653:: Segment Fault 
[DEBUG] ssl/statem/statem_srvr.c:generate_accountability_keys:2819:: SECRET 
07 D4 DE 73 A7 9E B1 7C 14 9C D9 FE C4 34 AA 3B 6E 9B 3B B1 3B 64 77 A8 B0 23 50 81 32 7A 61 80 
[DEBUG] ssl/statem/statem_srvr.c:generate_accountability_keys:2825:: Accountability Key 
B6 A2 21 6D EF 70 EA B4 A0 59 E8 F3 AF D7 59 B2 6B E4 25 6E 2A E7 9C EA B6 94 F0 5C E5 91 53 82 
[DEBUG] ssl/statem/statem_srvr.c:generate_accountability_keys:2802:: klen is 65 
[DEBUG] ssl/statem/statem_srvr.c:tls1_P_hash:2593:: Segment Fault 
[ERROR] ssl/statem/statem_srvr.c:tls1_P_hash:2626:: Corrupted Top Size 
[ERROR] ssl/statem/statem_srvr.c:tls1_P_hash:2630:: Corrupted Top Size 
[DEBUG] ssl/statem/statem_srvr.c:tls1_P_hash:2653:: Segment Fault 
[DEBUG] ssl/statem/statem_srvr.c:generate_accountability_keys:2819:: SECRET 
C0 46 0C 8B 61 2B 86 9A 2B 10 87 4C 23 FF 9F 5F 25 D7 D5 1F D6 B1 64 25 F4 34 58 D3 61 FC 1F 33 
[DEBUG] ssl/statem/statem_srvr.c:generate_accountability_keys:2825:: Accountability Key 
92 60 BB CE FF A1 3F BC 43 F2 A8 63 DF 93 77 F6 FD 1A BA 3C 4A 4F 3E D8 0D 56 36 A4 2D F2 3A BF 
[DEBUG] ssl/statem/statem_srvr.c:generate_accountability_keys:2858:: s->mb_info->id_length[i] :: 32 
9F A0 4F 11 CA 7F 01 30 28 75 98 26 73 5B F4 00 C7 90 22 3F B7 B3 A1 57 08 95 47 CC 15 D5 0C 3B 
[DEBUG] ssl/statem/statem_srvr.c:generate_accountability_keys:2858:: s->mb_info->id_length[i] :: 32 
D5 DA CA 20 D6 33 C8 40 EB E0 62 7C F8 C3 3C EC A8 27 29 54 18 D3 96 A6 57 7D CF F3 2C 81 C9 09 
[DEBUG] server.c:main:271:
[mdtls] server.c:main:274: Msg from Middlebox: GET / HTTP/1.2
Host: www.mdtls_thyun.com


[DEBUG] ssl/ssl_lib.c:SSL_new:861: Add for mdTLS 
[DEBUG] ssl/ssl_lib.c:SSL_new:862: ctx->mb_enabled :: 1 
[DEBUG] ssl/ssl_lib.c:SSL_new:864: Add for mdTLS 
[DEBUG] ssl/ssl_lib.c:SSL_new:865: s->mb_enabled :: 1 
[DEBUG] ssl/ssl_lib.c:SSL_new:871: Add for mdTLS 
[DEBUG] ssl/ssl_lib.c:SSL_new:878: Add for mdTLS 
[DEBUG] ssl/ssl_lib.c:SSL_new:906: Enabling Middlebox!! 
[DEBUG] ssl/ssl_lib.c:SSL_new:909: Enabling Middlebox!! 
[DEBUG] ssl/ssl_lib.c:SSL_new:911: s->mb_enabled 1
[DEBUG] ssl/ssl_lib.c:SSL_new:913: Enabling Middlebox!! 
[DEBUG] ssl/ssl_lib.c:SSL_enable_mb:5934: SSL_enable_mb 
[DEBUG] ssl/ssl_lib.c:make_keypair:5925:: Finished make keypair 
[DEBUG] server.c:main:266: ssl pointer :: 0x5590bd5ac3e0
[DEBUG] ssl/statem/statem_lib.c:tls_get_message_body:1704:
[DEBUG] ssl/statem/extensions_srvr.c:tls_parse_ctos_test_for_mdtls:188::  
[DEBUG] ssl/statem/extensions_srvr.c:tls_parse_ctos_test_for_mdtls:319:: Server Received CH Ext Data : 
00 00 00 00 00 00 00 00 00 00 00 00 00 00 00 00 
00 8D 00 17 02 01 00 41 04 AA 7D AE 46 76 5B 31 
47 05 F1 74 0B FB 40 E2 6C DF E9 9B 1D C9 A4 D1 
B4 CF 31 AB 55 25 83 45 B0 A9 63 2D 7E 31 EF AC 
A3 68 51 5C 5C 26 88 2C A0 18 4A B4 F8 96 1A 58 
6D B0 45 5C 36 57 53 DF 4E 02 00 41 04 C5 48 A9 
26 41 E6 DB DA 0A 07 85 AE 97 31 2D 7A E2 CB 13 
1A C4 5E F4 57 F6 33 D3 07 4F 53 87 A6 5F 53 6D 
41 A0 BE 5A D0 7E 2C 96 FD 20 CE 19 F4 6F 10 C6 
08 0B 29 DF 8B 8D CA 4A 6A DB 1C 2F 71 
[DEBUG] ssl/statem/extensions_srvr.c:tls_parse_ctos_test_for_mdtls:331:: Server Received nk is 2 : 
[DEBUG] ssl/statem/extensions_srvr.c:tls_parse_ctos_test_for_mdtls:351:: Server saved Client pub key : 
04 AA 7D AE 46 76 5B 31 47 05 F1 74 0B FB 40 E2 
6C DF E9 9B 1D C9 A4 D1 B4 CF 31 AB 55 25 83 45 
B0 A9 63 2D 7E 31 EF AC A3 68 51 5C 5C 26 88 2C 
A0 18 4A B4 F8 96 1A 58 6D B0 45 5C 36 57 53 DF 
4E 
[DEBUG] ssl/statem/extensions_srvr.c:tls_parse_ctos_test_for_mdtls:360:: Server saved MB pub key : 
04 C5 48 A9 26 41 E6 DB DA 0A 07 85 AE 97 31 2D 
7A E2 CB 13 1A C4 5E F4 57 F6 33 D3 07 4F 53 87 
A6 5F 53 6D 41 A0 BE 5A D0 7E 2C 96 FD 20 CE 19 
F4 6F 10 C6 08 0B 29 DF 8B 8D CA 4A 6A DB 1C 2F 
71 
â˜…â˜…â˜… in t1_lib.c, #2598
â˜…â˜…â˜… in t1_lib.c, #2598
â˜…â˜…â˜… in t1_lib.c, #2598
â˜…â˜…â˜… in t1_lib.c, #2598
â˜…â˜…â˜… in t1_lib.c, #2677
â˜…â˜…â˜… in t1_lib.c, #2874 
[DEBUG] ssl/statem/extensions.c:tls_construct_extensions:833:
[DEBUG] ssl/statem/extensions_cust.c:custom_ext_add:177:
[DEBUG] ssl/statem/extensions_srvr.c:tls_construct_stoc_test_for_mdtls:1613::  
[DEBUG] ssl/statem/extensions_srvr.c:tls_construct_stoc_test_for_mdtls:1721:: temp_data : 
00 49 00 17 01 01 00 41 04 36 0D 62 69 DA 92 4F 
6C 15 01 72 14 45 B1 73 C2 BC D5 F1 85 D2 30 51 
68 E4 4E 37 6D 0D D5 D4 CE 76 21 94 FD E4 11 7B 
9C DC 32 1D 6F 59 AD AA EF 75 7E 4D 58 19 2A B9 
E7 19 35 F2 38 1C D6 C5 D7 
[DEBUG] ssl/statem/extensions_srvr.c:tls_construct_stoc_test_for_mdtls:1736:: SH Final data: 
00 00 00 00 00 00 00 00 00 00 00 00 00 00 00 00 
00 49 00 17 01 01 00 41 04 36 0D 62 69 DA 92 4F 
6C 15 01 72 14 45 B1 73 C2 BC D5 F1 85 D2 30 51 
68 E4 4E 37 6D 0D D5 D4 CE 76 21 94 FD E4 11 7B 
9C DC 32 1D 6F 59 AD AA EF 75 7E 4D 58 19 2A B9 
E7 19 35 F2 38 1C D6 C5 D7 
[DEBUG] ssl/statem/statem_srvr.c:tls_construct_server_certificate:4236:: SERVER'S CERTIFICATE s->init_buf->data : 
0B 00 00 98 03 03 8A AD C0 8E 25 FF 9A 21 F5 C7 
63 C3 2A 09 BF 16 E9 E1 38 4D 0F 4D 30 DF B2 4D 
22 EA 3F 68 87 30 00 00 6B 00 00 70 FF 01 00 01 
00 00 23 00 00 00 16 00 00 00 17 00 00 07 E8 00 
5B 00 59 00 00 00 00 00 00 00 00 00 00 00 00 00 
00 00 00 00 49 00 17 01 01 00 41 04 36 0D 62 69 
DA 92 4F 6C 15 01 72 14 45 B1 73 C2 BC D5 F1 85 
D2 30 51 68 E4 4E 37 6D 0D D5 D4 CE 76 21 94 FD 
E4 11 7B 9C DC 32 1D 6F 59 AD AA EF 75 7E 4D 58 
19 2A B9 E7 19 35 F2 38 1C D6 C5 D7 17 02 01 00 
41 04 AA 7D AE 46 76 5B 31 47 05 F1 74 0B FB 40 
E2 6C DF E9 9B 1D C9 A4 D1 B4 CF 31 AB 55 25 83 
45 B0 A9 63 2D 7E 31 EF AC A3 68 51 5C 5C 26 88 
2C A0 18 4A B4 F8 96 1A 58 6D B0 45 5C 36 57 53 
DF 4E 02 00 41 04 C5 48 A9 26 41 E6 DB DA 0A 07 
85 AE 97 31 2D 7A E2 CB 13 1A C4 5E F4 57 F6 33 
D3 07 4F 53 87 A6 5F 53 6D 41 A0 BE 5A D0 7E 2C 
96 FD 20 CE 19 F4 6F 10 C6 08 0B 29 DF 8B 8D CA 
4A 6A DB 1C 2F 71 
[DEBUG] ssl/statem/statem_srvr.c:tls_construct_server_certificate:4261:: â˜…â˜…â˜…â˜…â˜…â˜…â˜…â˜… 
[DEBUG] ssl/statem/statem_srvr.c:tls_construct_server_certificate:4265:: Not Middlebox 
[DEBUG] ssl/statem/statem_srvr.c:generate_accountability_keys:2746:: Generate Accountability Keys 
[DEBUG] ssl/statem/statem_srvr.c:generate_accountability_keys:2757:: s->mb_info is NOT NULL 
[DEBUG] ssl/statem/statem_srvr.c:generate_accountability_keys:2768:: Generate Accountability Keys 
[DEBUG] ssl/statem/statem_srvr.c:generate_accountability_keys:2773:: Server Random SERVER:: 1 
04 36 0D 62 69 DA 92 4F 6C 15 01 72 14 45 B1 73 C2 BC D5 F1 85 D2 30 51 68 E4 4E 37 6D 0D D5 D4 CE 76 21 94 FD E4 11 7B 9C DC 32 1D 6F 59 AD AA EF 75 7E 4D 58 19 2A B9 E7 19 35 F2 38 1C D6 C5 D7 
[DEBUG] ssl/statem/statem_srvr.c:generate_accountability_keys:2779:: Client Random 
04 AA 7D AE 46 76 5B 31 47 05 F1 74 0B FB 40 E2 6C DF E9 9B 1D C9 A4 D1 B4 CF 31 AB 55 25 83 45 B0 A9 63 2D 7E 31 EF AC A3 68 51 5C 5C 26 88 2C A0 18 4A B4 F8 96 1A 58 6D B0 45 5C 36 57 53 DF 4E 
[DEBUG] ssl/statem/statem_srvr.c:generate_accountability_keys:2789:: nk value is 2 
[DEBUG] ssl/statem/statem_srvr.c:generate_accountability_keys:2802:: klen is 65 
[DEBUG] ssl/statem/statem_srvr.c:tls1_P_hash:2593:: Segment Fault 
[ERROR] ssl/statem/statem_srvr.c:tls1_P_hash:2626:: Corrupted Top Size 
[ERROR] ssl/statem/statem_srvr.c:tls1_P_hash:2630:: Corrupted Top Size 
[DEBUG] ssl/statem/statem_srvr.c:tls1_P_hash:2653:: Segment Fault 
[DEBUG] ssl/statem/statem_srvr.c:generate_accountability_keys:2819:: SECRET 
6A 96 1C D9 71 D9 4F 63 18 CE 50 F0 B9 66 2C 8A 87 6E 61 D0 BB 5D 5F 38 6A 4E 04 93 8F A2 1A 48 
[DEBUG] ssl/statem/statem_srvr.c:generate_accountability_keys:2825:: Accountability Key 
A8 99 1C 1B 3B 50 15 7A EE 64 CA 3F 7A AE 07 D5 C8 D8 BA 37 80 49 DC 1D 53 E9 5E 7E C4 1F AF 12 
[DEBUG] ssl/statem/statem_srvr.c:generate_accountability_keys:2802:: klen is 65 
[DEBUG] ssl/statem/statem_srvr.c:tls1_P_hash:2593:: Segment Fault 
[ERROR] ssl/statem/statem_srvr.c:tls1_P_hash:2626:: Corrupted Top Size 
[ERROR] ssl/statem/statem_srvr.c:tls1_P_hash:2630:: Corrupted Top Size 
[DEBUG] ssl/statem/statem_srvr.c:tls1_P_hash:2653:: Segment Fault 
[DEBUG] ssl/statem/statem_srvr.c:generate_accountability_keys:2819:: SECRET 
56 C7 FE E1 4B ED B4 E9 B6 75 3A 88 30 14 72 AE CE 7B 29 8A 3A 64 95 06 19 C2 1A 52 86 8D E3 77 
[DEBUG] ssl/statem/statem_srvr.c:generate_accountability_keys:2825:: Accountability Key 
4F F6 BC AD CE 61 20 38 3F 80 EC A9 00 33 5F 53 AC 3E F2 B2 32 1B 6E C2 E9 5A FE C1 35 6D 6B EB 
[DEBUG] ssl/statem/statem_srvr.c:generate_accountability_keys:2858:: s->mb_info->id_length[i] :: 32 
FE D7 1C 21 7E 3A BC C1 D3 35 12 6B 1A 82 CA C7 A6 E2 0E 83 92 04 59 3B 05 89 FE 28 53 3C 0E A8 
[DEBUG] ssl/statem/statem_srvr.c:generate_accountability_keys:2858:: s->mb_info->id_length[i] :: 32 
B7 C7 F0 E3 2D 22 5D 18 B8 7F 51 CE 1B EA 15 43 77 B9 13 D2 F3 FE 10 A4 B9 95 7F 38 9C 6D A9 7C 
[DEBUG] server.c:main:271:
[mdtls] server.c:main:274: Msg from Middlebox: GET / HTTP/1.2
Host: www.mdtls_thyun.com


[DEBUG] ssl/ssl_lib.c:SSL_new:861: Add for mdTLS 
[DEBUG] ssl/ssl_lib.c:SSL_new:862: ctx->mb_enabled :: 1 
[DEBUG] ssl/ssl_lib.c:SSL_new:864: Add for mdTLS 
[DEBUG] ssl/ssl_lib.c:SSL_new:865: s->mb_enabled :: 1 
[DEBUG] ssl/ssl_lib.c:SSL_new:871: Add for mdTLS 
[DEBUG] ssl/ssl_lib.c:SSL_new:878: Add for mdTLS 
[DEBUG] ssl/ssl_lib.c:SSL_new:906: Enabling Middlebox!! 
[DEBUG] ssl/ssl_lib.c:SSL_new:909: Enabling Middlebox!! 
[DEBUG] ssl/ssl_lib.c:SSL_new:911: s->mb_enabled 1
[DEBUG] ssl/ssl_lib.c:SSL_new:913: Enabling Middlebox!! 
[DEBUG] ssl/ssl_lib.c:SSL_enable_mb:5934: SSL_enable_mb 
[DEBUG] ssl/ssl_lib.c:make_keypair:5925:: Finished make keypair 
[DEBUG] server.c:main:266: ssl pointer :: 0x5590bd5ac3e0
[DEBUG] ssl/statem/statem_lib.c:tls_get_message_body:1704:
[DEBUG] ssl/statem/extensions_srvr.c:tls_parse_ctos_test_for_mdtls:188::  
[DEBUG] ssl/statem/extensions_srvr.c:tls_parse_ctos_test_for_mdtls:319:: Server Received CH Ext Data : 
00 00 00 00 00 00 00 00 00 00 00 00 00 00 00 00 
00 8D 00 17 02 01 00 41 04 AA 7D AE 46 76 5B 31 
47 05 F1 74 0B FB 40 E2 6C DF E9 9B 1D C9 A4 D1 
B4 CF 31 AB 55 25 83 45 B0 A9 63 2D 7E 31 EF AC 
A3 68 51 5C 5C 26 88 2C A0 18 4A B4 F8 96 1A 58 
6D B0 45 5C 36 57 53 DF 4E 02 00 41 04 C5 48 A9 
26 41 E6 DB DA 0A 07 85 AE 97 31 2D 7A E2 CB 13 
1A C4 5E F4 57 F6 33 D3 07 4F 53 87 A6 5F 53 6D 
41 A0 BE 5A D0 7E 2C 96 FD 20 CE 19 F4 6F 10 C6 
08 0B 29 DF 8B 8D CA 4A 6A DB 1C 2F 71 
[DEBUG] ssl/statem/extensions_srvr.c:tls_parse_ctos_test_for_mdtls:331:: Server Received nk is 2 : 
[DEBUG] ssl/statem/extensions_srvr.c:tls_parse_ctos_test_for_mdtls:351:: Server saved Client pub key : 
04 AA 7D AE 46 76 5B 31 47 05 F1 74 0B FB 40 E2 
6C DF E9 9B 1D C9 A4 D1 B4 CF 31 AB 55 25 83 45 
B0 A9 63 2D 7E 31 EF AC A3 68 51 5C 5C 26 88 2C 
A0 18 4A B4 F8 96 1A 58 6D B0 45 5C 36 57 53 DF 
4E 
[DEBUG] ssl/statem/extensions_srvr.c:tls_parse_ctos_test_for_mdtls:360:: Server saved MB pub key : 
04 C5 48 A9 26 41 E6 DB DA 0A 07 85 AE 97 31 2D 
7A E2 CB 13 1A C4 5E F4 57 F6 33 D3 07 4F 53 87 
A6 5F 53 6D 41 A0 BE 5A D0 7E 2C 96 FD 20 CE 19 
F4 6F 10 C6 08 0B 29 DF 8B 8D CA 4A 6A DB 1C 2F 
71 
â˜…â˜…â˜… in t1_lib.c, #2598
â˜…â˜…â˜… in t1_lib.c, #2598
â˜…â˜…â˜… in t1_lib.c, #2598
â˜…â˜…â˜… in t1_lib.c, #2598
â˜…â˜…â˜… in t1_lib.c, #2677
â˜…â˜…â˜… in t1_lib.c, #2874 
[DEBUG] ssl/statem/extensions.c:tls_construct_extensions:833:
[DEBUG] ssl/statem/extensions_cust.c:custom_ext_add:177:
[DEBUG] ssl/statem/extensions_srvr.c:tls_construct_stoc_test_for_mdtls:1613::  
[DEBUG] ssl/statem/extensions_srvr.c:tls_construct_stoc_test_for_mdtls:1721:: temp_data : 
00 49 00 17 01 01 00 41 04 79 BB 4C E4 AA CC 1C 
40 7D D9 64 CF E9 C2 B4 00 F3 3B 6C 05 C5 23 D1 
0C 07 41 8F 92 DC 40 16 D2 09 54 09 88 81 89 AF 
86 35 81 DD 61 5A AD 8B 57 C2 F0 B9 69 5C AE A6 
1C 2C FA DF D2 49 C3 55 5D 
[DEBUG] ssl/statem/extensions_srvr.c:tls_construct_stoc_test_for_mdtls:1736:: SH Final data: 
00 00 00 00 00 00 00 00 00 00 00 00 00 00 00 00 
00 49 00 17 01 01 00 41 04 79 BB 4C E4 AA CC 1C 
40 7D D9 64 CF E9 C2 B4 00 F3 3B 6C 05 C5 23 D1 
0C 07 41 8F 92 DC 40 16 D2 09 54 09 88 81 89 AF 
86 35 81 DD 61 5A AD 8B 57 C2 F0 B9 69 5C AE A6 
1C 2C FA DF D2 49 C3 55 5D 
[DEBUG] ssl/statem/statem_srvr.c:tls_construct_server_certificate:4236:: SERVER'S CERTIFICATE s->init_buf->data : 
0B 00 00 98 03 03 1A FD 25 5D A5 DD B3 80 DD 52 
66 03 D5 CD D5 EC 48 52 0B D2 00 5C 7C 24 94 1B 
B6 99 24 95 51 FD 00 00 6B 00 00 70 FF 01 00 01 
00 00 23 00 00 00 16 00 00 00 17 00 00 07 E8 00 
5B 00 59 00 00 00 00 00 00 00 00 00 00 00 00 00 
00 00 00 00 49 00 17 01 01 00 41 04 79 BB 4C E4 
AA CC 1C 40 7D D9 64 CF E9 C2 B4 00 F3 3B 6C 05 
C5 23 D1 0C 07 41 8F 92 DC 40 16 D2 09 54 09 88 
81 89 AF 86 35 81 DD 61 5A AD 8B 57 C2 F0 B9 69 
5C AE A6 1C 2C FA DF D2 49 C3 55 5D 17 02 01 00 
41 04 AA 7D AE 46 76 5B 31 47 05 F1 74 0B FB 40 
E2 6C DF E9 9B 1D C9 A4 D1 B4 CF 31 AB 55 25 83 
45 B0 A9 63 2D 7E 31 EF AC A3 68 51 5C 5C 26 88 
2C A0 18 4A B4 F8 96 1A 58 6D B0 45 5C 36 57 53 
DF 4E 02 00 41 04 C5 48 A9 26 41 E6 DB DA 0A 07 
85 AE 97 31 2D 7A E2 CB 13 1A C4 5E F4 57 F6 33 
D3 07 4F 53 87 A6 5F 53 6D 41 A0 BE 5A D0 7E 2C 
96 FD 20 CE 19 F4 6F 10 C6 08 0B 29 DF 8B 8D CA 
4A 6A DB 1C 2F 71 
[DEBUG] ssl/statem/statem_srvr.c:tls_construct_server_certificate:4261:: â˜…â˜…â˜…â˜…â˜…â˜…â˜…â˜… 
[DEBUG] ssl/statem/statem_srvr.c:tls_construct_server_certificate:4265:: Not Middlebox 
[DEBUG] ssl/statem/statem_srvr.c:generate_accountability_keys:2746:: Generate Accountability Keys 
[DEBUG] ssl/statem/statem_srvr.c:generate_accountability_keys:2757:: s->mb_info is NOT NULL 
[DEBUG] ssl/statem/statem_srvr.c:generate_accountability_keys:2768:: Generate Accountability Keys 
[DEBUG] ssl/statem/statem_srvr.c:generate_accountability_keys:2773:: Server Random SERVER:: 1 
04 79 BB 4C E4 AA CC 1C 40 7D D9 64 CF E9 C2 B4 00 F3 3B 6C 05 C5 23 D1 0C 07 41 8F 92 DC 40 16 D2 09 54 09 88 81 89 AF 86 35 81 DD 61 5A AD 8B 57 C2 F0 B9 69 5C AE A6 1C 2C FA DF D2 49 C3 55 5D 
[DEBUG] ssl/statem/statem_srvr.c:generate_accountability_keys:2779:: Client Random 
04 AA 7D AE 46 76 5B 31 47 05 F1 74 0B FB 40 E2 6C DF E9 9B 1D C9 A4 D1 B4 CF 31 AB 55 25 83 45 B0 A9 63 2D 7E 31 EF AC A3 68 51 5C 5C 26 88 2C A0 18 4A B4 F8 96 1A 58 6D B0 45 5C 36 57 53 DF 4E 
[DEBUG] ssl/statem/statem_srvr.c:generate_accountability_keys:2789:: nk value is 2 
[DEBUG] ssl/statem/statem_srvr.c:generate_accountability_keys:2802:: klen is 65 
[DEBUG] ssl/statem/statem_srvr.c:tls1_P_hash:2593:: Segment Fault 
[ERROR] ssl/statem/statem_srvr.c:tls1_P_hash:2626:: Corrupted Top Size 
[ERROR] ssl/statem/statem_srvr.c:tls1_P_hash:2630:: Corrupted Top Size 
[DEBUG] ssl/statem/statem_srvr.c:tls1_P_hash:2653:: Segment Fault 
[DEBUG] ssl/statem/statem_srvr.c:generate_accountability_keys:2819:: SECRET 
6E 0C 87 5E 64 19 8A C7 35 28 A1 51 CB 97 CD 32 6F 4D 09 24 0C 2B EA 5D 13 78 A4 53 FF 4B 81 FF 
[DEBUG] ssl/statem/statem_srvr.c:generate_accountability_keys:2825:: Accountability Key 
57 C1 CA C7 20 B4 43 06 99 00 0F 8B AC AC 04 13 5B 67 D8 1B 4C AB 31 CE A2 7A 0E 91 71 1C 89 BE 
[DEBUG] ssl/statem/statem_srvr.c:generate_accountability_keys:2802:: klen is 65 
[DEBUG] ssl/statem/statem_srvr.c:tls1_P_hash:2593:: Segment Fault 
[ERROR] ssl/statem/statem_srvr.c:tls1_P_hash:2626:: Corrupted Top Size 
[ERROR] ssl/statem/statem_srvr.c:tls1_P_hash:2630:: Corrupted Top Size 
[DEBUG] ssl/statem/statem_srvr.c:tls1_P_hash:2653:: Segment Fault 
[DEBUG] ssl/statem/statem_srvr.c:generate_accountability_keys:2819:: SECRET 
FA 83 5E A9 80 3C 0C 60 09 F9 6B 7B 2B 0B 68 B8 24 3C DA 1D 8C 77 61 3D 79 EE B6 8C 00 F5 DB 05 
[DEBUG] ssl/statem/statem_srvr.c:generate_accountability_keys:2825:: Accountability Key 
8B 37 8D 7B 56 F0 BB A3 8E 5F B9 7E 79 A8 B7 CC 82 AF A5 F1 2E F9 27 A8 4C 4A E1 F0 2B 29 3F 3E 
[DEBUG] ssl/statem/statem_srvr.c:generate_accountability_keys:2858:: s->mb_info->id_length[i] :: 32 
CE 80 80 68 CE DB 7F 21 17 F4 E1 9C 0B 1D 0E 1D 94 8E D8 A2 47 F3 26 E0 0E 22 B8 C6 0E 49 1C 31 
[DEBUG] ssl/statem/statem_srvr.c:generate_accountability_keys:2858:: s->mb_info->id_length[i] :: 32 
A8 63 7E 45 41 BE 0B 7C 02 0E EE 94 9D 62 F2 DB 57 DB 8D 97 5D 77 DF E3 00 2E 2C 50 FB 0F 1B 14 
[DEBUG] server.c:main:271:
[mdtls] server.c:main:274: Msg from Middlebox: GET / HTTP/1.2
Host: www.mdtls_thyun.com


[DEBUG] ssl/ssl_lib.c:SSL_new:861: Add for mdTLS 
[DEBUG] ssl/ssl_lib.c:SSL_new:862: ctx->mb_enabled :: 1 
[DEBUG] ssl/ssl_lib.c:SSL_new:864: Add for mdTLS 
[DEBUG] ssl/ssl_lib.c:SSL_new:865: s->mb_enabled :: 1 
[DEBUG] ssl/ssl_lib.c:SSL_new:871: Add for mdTLS 
[DEBUG] ssl/ssl_lib.c:SSL_new:878: Add for mdTLS 
[DEBUG] ssl/ssl_lib.c:SSL_new:906: Enabling Middlebox!! 
[DEBUG] ssl/ssl_lib.c:SSL_new:909: Enabling Middlebox!! 
[DEBUG] ssl/ssl_lib.c:SSL_new:911: s->mb_enabled 1
[DEBUG] ssl/ssl_lib.c:SSL_new:913: Enabling Middlebox!! 
[DEBUG] ssl/ssl_lib.c:SSL_enable_mb:5934: SSL_enable_mb 
[DEBUG] ssl/ssl_lib.c:make_keypair:5925:: Finished make keypair 
[DEBUG] server.c:main:266: ssl pointer :: 0x5590bd5ac3e0
[DEBUG] server.c:main:271:
[mdtls] server.c:main:274: Msg from Middlebox: GET / HTTP/1.2
Host: www.mdtls_thyun.com


[DEBUG] ssl/ssl_lib.c:SSL_new:861: Add for mdTLS 
[DEBUG] ssl/ssl_lib.c:SSL_new:862: ctx->mb_enabled :: 1 
[DEBUG] ssl/ssl_lib.c:SSL_new:864: Add for mdTLS 
[DEBUG] ssl/ssl_lib.c:SSL_new:865: s->mb_enabled :: 1 
[DEBUG] ssl/ssl_lib.c:SSL_new:871: Add for mdTLS 
[DEBUG] ssl/ssl_lib.c:SSL_new:878: Add for mdTLS 
[DEBUG] ssl/ssl_lib.c:SSL_new:906: Enabling Middlebox!! 
[DEBUG] ssl/ssl_lib.c:SSL_new:909: Enabling Middlebox!! 
[DEBUG] ssl/ssl_lib.c:SSL_new:911: s->mb_enabled 1
[DEBUG] ssl/ssl_lib.c:SSL_new:913: Enabling Middlebox!! 
[DEBUG] ssl/ssl_lib.c:SSL_enable_mb:5934: SSL_enable_mb 
[DEBUG] ssl/ssl_lib.c:make_keypair:5925:: Finished make keypair 
[DEBUG] server.c:main:266: ssl pointer :: 0x5590bd5ac3e0
[DEBUG] server.c:main:271:
[mdtls] server.c:main:274: Msg from Middlebox: GET / HTTP/1.2
Host: www.mdtls_thyun.com


